[0.008s] Invoking command in '/home/sebastian/git/rs2/HoloAssist/ros2_ws/build/holoassist_manager': CMAKE_PREFIX_PATH=/opt/ros/humble /usr/bin/cmake /home/sebastian/git/rs2/HoloAssist/ros2_ws/src/holoassist_manager -DCMAKE_INSTALL_PREFIX=/home/sebastian/git/rs2/HoloAssist/ros2_ws/install/holoassist_manager
[0.074s] -- The C compiler identification is GNU 11.4.0
[0.129s] -- The CXX compiler identification is GNU 11.4.0
[0.139s] -- Detecting C compiler ABI info
[0.190s] -- Detecting C compiler ABI info - done
[0.198s] -- Check for working C compiler: /usr/bin/cc - skipped
[0.198s] -- Detecting C compile features
[0.199s] -- Detecting C compile features - done
[0.202s] -- Detecting CXX compiler ABI info
[0.260s] -- Detecting CXX compiler ABI info - done
[0.265s] -- Check for working CXX compiler: /usr/bin/c++ - skipped
[0.265s] -- Detecting CXX compile features
[0.265s] -- Detecting CXX compile features - done
[0.270s] -- Found ament_cmake: 1.3.13 (/opt/ros/humble/share/ament_cmake/cmake)
[0.366s] -- Found Python3: /usr/bin/python3 (found version "3.10.12") found components: Interpreter 
[0.433s] -- Found rclcpp: 16.0.18 (/opt/ros/humble/share/rclcpp/cmake)
[0.468s] -- Found rosidl_generator_c: 3.1.8 (/opt/ros/humble/share/rosidl_generator_c/cmake)
[0.471s] -- Found rosidl_adapter: 3.1.8 (/opt/ros/humble/share/rosidl_adapter/cmake)
[0.477s] -- Found rosidl_generator_cpp: 3.1.8 (/opt/ros/humble/share/rosidl_generator_cpp/cmake)
[0.486s] -- Using all available rosidl_typesupport_c: rosidl_typesupport_fastrtps_c;rosidl_typesupport_introspection_c
[0.497s] -- Using all available rosidl_typesupport_cpp: rosidl_typesupport_fastrtps_cpp;rosidl_typesupport_introspection_cpp
[0.526s] -- Found rmw_implementation_cmake: 6.1.2 (/opt/ros/humble/share/rmw_implementation_cmake/cmake)
[0.528s] -- Found rmw_fastrtps_cpp: 6.2.10 (/opt/ros/humble/share/rmw_fastrtps_cpp/cmake)
[0.606s] -- Found OpenSSL: /usr/lib/x86_64-linux-gnu/libcrypto.so (found version "3.0.2")  
[0.631s] -- Found FastRTPS: /opt/ros/humble/include  
[0.660s] -- Using RMW implementation 'rmw_fastrtps_cpp' as default
[0.674s] -- Looking for pthread.h
[0.732s] -- Looking for pthread.h - found
[0.733s] -- Performing Test CMAKE_HAVE_LIBC_PTHREAD
[0.786s] -- Performing Test CMAKE_HAVE_LIBC_PTHREAD - Success
[0.787s] -- Found Threads: TRUE  
[0.832s] -- Found std_srvs: 4.9.1 (/opt/ros/humble/share/std_srvs/cmake)
[0.840s] -- Found diagnostic_msgs: 4.9.1 (/opt/ros/humble/share/diagnostic_msgs/cmake)
[0.851s] -- Found ament_lint_auto: 0.12.15 (/opt/ros/humble/share/ament_lint_auto/cmake)
[0.901s] -- Added test 'copyright' to check source files copyright and LICENSE
[0.902s] -- Added test 'cppcheck' to perform static code analysis on C / C++ code
[0.902s] -- Configured cppcheck include dirs: $<BUILD_INTERFACE:/home/sebastian/git/rs2/HoloAssist/ros2_ws/src/holoassist_manager/include>
[0.902s] -- Configured cppcheck exclude dirs and/or files: 
[0.903s] -- Added test 'cpplint' to check C / C++ code against the Google style
[0.903s] -- Configured cpplint exclude dirs and/or files: 
[0.903s] -- Added test 'flake8' to check Python code syntax and style conventions
[0.903s] -- Added test 'lint_cmake' to check CMake code style
[0.904s] -- Added test 'pep257' to check Python code against some of the docstring style conventions in PEP 257
[0.904s] -- Added test 'uncrustify' to check C / C++ code style
[0.904s] -- Configured uncrustify additional arguments: 
[0.904s] -- Added test 'xmllint' to check XML markup files
[0.905s] -- Configuring done
[0.911s] -- Generating done
[0.913s] -- Build files have been written to: /home/sebastian/git/rs2/HoloAssist/ros2_ws/build/holoassist_manager
[0.918s] Invoked command in '/home/sebastian/git/rs2/HoloAssist/ros2_ws/build/holoassist_manager' returned '0': CMAKE_PREFIX_PATH=/opt/ros/humble /usr/bin/cmake /home/sebastian/git/rs2/HoloAssist/ros2_ws/src/holoassist_manager -DCMAKE_INSTALL_PREFIX=/home/sebastian/git/rs2/HoloAssist/ros2_ws/install/holoassist_manager
[0.920s] Invoking command in '/home/sebastian/git/rs2/HoloAssist/ros2_ws/build/holoassist_manager': CMAKE_PREFIX_PATH=/opt/ros/humble /usr/bin/cmake --build /home/sebastian/git/rs2/HoloAssist/ros2_ws/build/holoassist_manager -- -j20 -l20
[0.952s] [ 50%] [32mBuilding CXX object CMakeFiles/manager_node.dir/src/manager_node.cpp.o[0m
[6.241s] [100%] [32m[1mLinking CXX executable manager_node[0m
[6.504s] [100%] Built target manager_node
[6.513s] Invoked command in '/home/sebastian/git/rs2/HoloAssist/ros2_ws/build/holoassist_manager' returned '0': CMAKE_PREFIX_PATH=/opt/ros/humble /usr/bin/cmake --build /home/sebastian/git/rs2/HoloAssist/ros2_ws/build/holoassist_manager -- -j20 -l20
[6.519s] Invoking command in '/home/sebastian/git/rs2/HoloAssist/ros2_ws/build/holoassist_manager': CMAKE_PREFIX_PATH=/opt/ros/humble /usr/bin/cmake --install /home/sebastian/git/rs2/HoloAssist/ros2_ws/build/holoassist_manager
[6.525s] -- Install configuration: ""
[6.526s] -- Installing: /home/sebastian/git/rs2/HoloAssist/ros2_ws/install/holoassist_manager/lib/holoassist_manager/manager_node
[6.529s] -- Set runtime path of "/home/sebastian/git/rs2/HoloAssist/ros2_ws/install/holoassist_manager/lib/holoassist_manager/manager_node" to ""
[6.529s] -- Up-to-date: /home/sebastian/git/rs2/HoloAssist/ros2_ws/install/holoassist_manager/share/holoassist_manager/launch
[6.529s] -- Installing: /home/sebastian/git/rs2/HoloAssist/ros2_ws/install/holoassist_manager/share/holoassist_manager/launch/manager.launch.py
[6.529s] -- Up-to-date: /home/sebastian/git/rs2/HoloAssist/ros2_ws/install/holoassist_manager/share/holoassist_manager/config
[6.529s] -- Installing: /home/sebastian/git/rs2/HoloAssist/ros2_ws/install/holoassist_manager/share/holoassist_manager/config/manager_params.yaml
[6.530s] -- Installing: /home/sebastian/git/rs2/HoloAssist/ros2_ws/install/holoassist_manager/share/ament_index/resource_index/package_run_dependencies/holoassist_manager
[6.530s] -- Installing: /home/sebastian/git/rs2/HoloAssist/ros2_ws/install/holoassist_manager/share/ament_index/resource_index/parent_prefix_path/holoassist_manager
[6.530s] -- Installing: /home/sebastian/git/rs2/HoloAssist/ros2_ws/install/holoassist_manager/share/holoassist_manager/environment/ament_prefix_path.sh
[6.530s] -- Installing: /home/sebastian/git/rs2/HoloAssist/ros2_ws/install/holoassist_manager/share/holoassist_manager/environment/ament_prefix_path.dsv
[6.530s] -- Installing: /home/sebastian/git/rs2/HoloAssist/ros2_ws/install/holoassist_manager/share/holoassist_manager/environment/path.sh
[6.530s] -- Installing: /home/sebastian/git/rs2/HoloAssist/ros2_ws/install/holoassist_manager/share/holoassist_manager/environment/path.dsv
[6.530s] -- Installing: /home/sebastian/git/rs2/HoloAssist/ros2_ws/install/holoassist_manager/share/holoassist_manager/local_setup.bash
[6.530s] -- Installing: /home/sebastian/git/rs2/HoloAssist/ros2_ws/install/holoassist_manager/share/holoassist_manager/local_setup.sh
[6.530s] -- Installing: /home/sebastian/git/rs2/HoloAssist/ros2_ws/install/holoassist_manager/share/holoassist_manager/local_setup.zsh
[6.530s] -- Installing: /home/sebastian/git/rs2/HoloAssist/ros2_ws/install/holoassist_manager/share/holoassist_manager/local_setup.dsv
[6.530s] -- Installing: /home/sebastian/git/rs2/HoloAssist/ros2_ws/install/holoassist_manager/share/holoassist_manager/package.dsv
[6.530s] -- Installing: /home/sebastian/git/rs2/HoloAssist/ros2_ws/install/holoassist_manager/share/ament_index/resource_index/packages/holoassist_manager
[6.530s] -- Installing: /home/sebastian/git/rs2/HoloAssist/ros2_ws/install/holoassist_manager/share/holoassist_manager/cmake/holoassist_managerConfig.cmake
[6.531s] -- Installing: /home/sebastian/git/rs2/HoloAssist/ros2_ws/install/holoassist_manager/share/holoassist_manager/cmake/holoassist_managerConfig-version.cmake
[6.531s] -- Installing: /home/sebastian/git/rs2/HoloAssist/ros2_ws/install/holoassist_manager/share/holoassist_manager/package.xml
[6.531s] Invoked command in '/home/sebastian/git/rs2/HoloAssist/ros2_ws/build/holoassist_manager' returned '0': CMAKE_PREFIX_PATH=/opt/ros/humble /usr/bin/cmake --install /home/sebastian/git/rs2/HoloAssist/ros2_ws/build/holoassist_manager
