[0.010s] Invoking command in '/home/ollie/git/1HoloAssist/ollie/ros2_ws/build/holoassist_manipulation': CMAKE_PREFIX_PATH=/opt/ros/humble /usr/bin/cmake /home/ollie/git/1HoloAssist/ollie/ros2_ws/src/holoassist_manipulation -DCMAKE_INSTALL_PREFIX=/home/ollie/git/1HoloAssist/ollie/ros2_ws/install/holoassist_manipulation
[0.163s] -- The C compiler identification is GNU 11.4.0
[0.163s] -- The CXX compiler identification is GNU 11.4.0
[0.163s] -- Detecting C compiler ABI info
[0.216s] -- Detecting C compiler ABI info - done
[0.222s] -- Check for working C compiler: /usr/bin/cc - skipped
[0.223s] -- Detecting C compile features
[0.223s] -- Detecting C compile features - done
[0.226s] -- Detecting CXX compiler ABI info
[0.278s] -- Detecting CXX compiler ABI info - done
[0.282s] -- Check for working CXX compiler: /usr/bin/c++ - skipped
[0.282s] -- Detecting CXX compile features
[0.283s] -- Detecting CXX compile features - done
[0.284s] -- Found ament_cmake: 1.3.14 (/opt/ros/humble/share/ament_cmake/cmake)
[0.393s] -- Found Python3: /usr/bin/python3 (found version "3.10.12") found components: Interpreter 
[0.456s] -- Found rclcpp: 16.0.18 (/opt/ros/humble/share/rclcpp/cmake)
[0.479s] -- Found rosidl_generator_c: 3.1.8 (/opt/ros/humble/share/rosidl_generator_c/cmake)
[0.482s] -- Found rosidl_adapter: 3.1.8 (/opt/ros/humble/share/rosidl_adapter/cmake)
[0.487s] -- Found rosidl_generator_cpp: 3.1.8 (/opt/ros/humble/share/rosidl_generator_cpp/cmake)
[0.494s] -- Using all available rosidl_typesupport_c: rosidl_typesupport_fastrtps_c;rosidl_typesupport_introspection_c
[0.503s] -- Using all available rosidl_typesupport_cpp: rosidl_typesupport_fastrtps_cpp;rosidl_typesupport_introspection_cpp
[0.529s] -- Found rmw_implementation_cmake: 6.1.2 (/opt/ros/humble/share/rmw_implementation_cmake/cmake)
[0.530s] -- Found rmw_fastrtps_cpp: 6.2.10 (/opt/ros/humble/share/rmw_fastrtps_cpp/cmake)
[0.599s] -- Found OpenSSL: /usr/lib/x86_64-linux-gnu/libcrypto.so (found version "3.0.2")  
[0.614s] -- Found FastRTPS: /opt/ros/humble/include  
[0.641s] -- Using RMW implementation 'rmw_fastrtps_cpp' as default
[0.647s] -- Looking for pthread.h
[0.700s] -- Looking for pthread.h - found
[0.700s] -- Performing Test CMAKE_HAVE_LIBC_PTHREAD
[0.753s] -- Performing Test CMAKE_HAVE_LIBC_PTHREAD - Success
[0.753s] -- Found Threads: TRUE  
[0.785s] -- Found geometry_msgs: 4.9.1 (/opt/ros/humble/share/geometry_msgs/cmake)
[0.793s] -- Found sensor_msgs: 4.9.1 (/opt/ros/humble/share/sensor_msgs/cmake)
[0.803s] -- Found tf2: 0.25.19 (/opt/ros/humble/share/tf2/cmake)
[0.810s] -- Found tf2_ros: 0.25.19 (/opt/ros/humble/share/tf2_ros/cmake)
[0.870s] -- Found tf2_geometry_msgs: 0.25.19 (/opt/ros/humble/share/tf2_geometry_msgs/cmake)
[0.888s] -- Found eigen3_cmake_module: 0.1.1 (/opt/ros/humble/share/eigen3_cmake_module/cmake)
[0.890s] -- Found Eigen3: TRUE (found version "3.4.0") 
[0.890s] -- Ensuring Eigen3 include directory is part of orocos-kdl CMake target
[0.894s] -- Found visualization_msgs: 4.9.1 (/opt/ros/humble/share/visualization_msgs/cmake)
[0.910s] -- Found moveit_ros_planning_interface: 2.5.9 (/opt/ros/humble/share/moveit_ros_planning_interface/cmake)
[0.928s] -- Found Boost: /usr/lib/x86_64-linux-gnu/cmake/Boost-1.74.0/BoostConfig.cmake (found version "1.74.0") found components: date_time filesystem program_options system thread 
[1.003s] -- Found Boost: /usr/lib/x86_64-linux-gnu/cmake/Boost-1.74.0/BoostConfig.cmake (found version "1.74.0") found components: chrono date_time filesystem iostreams program_options regex serialization system thread 
[1.022s] -- Found parameter_traits: 0.7.0 (/opt/ros/humble/share/parameter_traits/cmake)
[1.029s] -- Found rclcpp_lifecycle: 16.0.18 (/opt/ros/humble/share/rclcpp_lifecycle/cmake)
[1.044s] -- Found Boost: /usr/lib/x86_64-linux-gnu/cmake/Boost-1.74.0/BoostConfig.cmake (found version "1.74.0") found components: filesystem 
[1.111s] -- library: /usr/lib/x86_64-linux-gnu/libcurl.so
[1.149s] -- Found Boost: /usr/lib/x86_64-linux-gnu/cmake/Boost-1.74.0/BoostConfig.cmake (found version "1.74.0") found components: system filesystem date_time program_options thread chrono 
[1.168s] -- Found Boost: /usr/lib/x86_64-linux-gnu/cmake/Boost-1.74.0/BoostConfig.cmake (found version "1.74.0") found components: thread system filesystem regex date_time program_options 
[1.183s] -- Found Boost: /usr/lib/x86_64-linux-gnu/cmake/Boost-1.74.0/BoostConfig.cmake (found version "1.74.0") found components: system filesystem date_time program_options thread 
[1.202s] -- Found ament_lint_auto: 0.12.15 (/opt/ros/humble/share/ament_lint_auto/cmake)
[1.257s] -- Added test 'cppcheck' to perform static code analysis on C / C++ code
[1.257s] -- Configured cppcheck include dirs: 
[1.257s] -- Configured cppcheck exclude dirs and/or files: 
[1.257s] -- Added test 'flake8' to check Python code syntax and style conventions
[1.257s] -- Added test 'lint_cmake' to check CMake code style
[1.257s] -- Added test 'pep257' to check Python code against some of the docstring style conventions in PEP 257
[1.257s] -- Added test 'uncrustify' to check C / C++ code style
[1.257s] -- Configured uncrustify additional arguments: 
[1.258s] -- Added test 'xmllint' to check XML markup files
[1.258s] -- Configuring done
[1.283s] -- Generating done
[1.289s] -- Build files have been written to: /home/ollie/git/1HoloAssist/ollie/ros2_ws/build/holoassist_manipulation
[1.298s] Invoked command in '/home/ollie/git/1HoloAssist/ollie/ros2_ws/build/holoassist_manipulation' returned '0': CMAKE_PREFIX_PATH=/opt/ros/humble /usr/bin/cmake /home/ollie/git/1HoloAssist/ollie/ros2_ws/src/holoassist_manipulation -DCMAKE_INSTALL_PREFIX=/home/ollie/git/1HoloAssist/ollie/ros2_ws/install/holoassist_manipulation
[1.300s] Invoking command in '/home/ollie/git/1HoloAssist/ollie/ros2_ws/build/holoassist_manipulation': CMAKE_PREFIX_PATH=/opt/ros/humble /usr/bin/cmake --build /home/ollie/git/1HoloAssist/ollie/ros2_ws/build/holoassist_manipulation -- -j22 -l22
[1.346s] [ 50%] Building CXX object CMakeFiles/clicked_point_to_moveit.dir/src/clicked_point_to_moveit.cpp.o
[9.552s] [100%] Linking CXX executable clicked_point_to_moveit
[10.004s] [100%] Built target clicked_point_to_moveit
[10.015s] Invoked command in '/home/ollie/git/1HoloAssist/ollie/ros2_ws/build/holoassist_manipulation' returned '0': CMAKE_PREFIX_PATH=/opt/ros/humble /usr/bin/cmake --build /home/ollie/git/1HoloAssist/ollie/ros2_ws/build/holoassist_manipulation -- -j22 -l22
[10.021s] Invoking command in '/home/ollie/git/1HoloAssist/ollie/ros2_ws/build/holoassist_manipulation': CMAKE_PREFIX_PATH=/opt/ros/humble /usr/bin/cmake --install /home/ollie/git/1HoloAssist/ollie/ros2_ws/build/holoassist_manipulation
[10.027s] -- Install configuration: ""
[10.028s] -- Installing: /home/ollie/git/1HoloAssist/ollie/ros2_ws/install/holoassist_manipulation/lib/holoassist_manipulation/clicked_point_to_moveit
[10.030s] -- Set runtime path of "/home/ollie/git/1HoloAssist/ollie/ros2_ws/install/holoassist_manipulation/lib/holoassist_manipulation/clicked_point_to_moveit" to ""
[10.031s] -- Installing: /home/ollie/git/1HoloAssist/ollie/ros2_ws/install/holoassist_manipulation/share/holoassist_manipulation/launch
[10.031s] -- Installing: /home/ollie/git/1HoloAssist/ollie/ros2_ws/install/holoassist_manipulation/share/holoassist_manipulation/launch/__pycache__
[10.031s] -- Installing: /home/ollie/git/1HoloAssist/ollie/ros2_ws/install/holoassist_manipulation/share/holoassist_manipulation/launch/__pycache__/click_to_plan.launch.cpython-310.pyc
[10.031s] -- Installing: /home/ollie/git/1HoloAssist/ollie/ros2_ws/install/holoassist_manipulation/share/holoassist_manipulation/launch/click_to_plan.launch.py
[10.031s] -- Installing: /home/ollie/git/1HoloAssist/ollie/ros2_ws/install/holoassist_manipulation/share/ament_index/resource_index/package_run_dependencies/holoassist_manipulation
[10.031s] -- Installing: /home/ollie/git/1HoloAssist/ollie/ros2_ws/install/holoassist_manipulation/share/ament_index/resource_index/parent_prefix_path/holoassist_manipulation
[10.031s] -- Installing: /home/ollie/git/1HoloAssist/ollie/ros2_ws/install/holoassist_manipulation/share/holoassist_manipulation/environment/ament_prefix_path.sh
[10.031s] -- Installing: /home/ollie/git/1HoloAssist/ollie/ros2_ws/install/holoassist_manipulation/share/holoassist_manipulation/environment/ament_prefix_path.dsv
[10.032s] -- Installing: /home/ollie/git/1HoloAssist/ollie/ros2_ws/install/holoassist_manipulation/share/holoassist_manipulation/environment/path.sh
[10.032s] -- Installing: /home/ollie/git/1HoloAssist/ollie/ros2_ws/install/holoassist_manipulation/share/holoassist_manipulation/environment/path.dsv
[10.032s] -- Installing: /home/ollie/git/1HoloAssist/ollie/ros2_ws/install/holoassist_manipulation/share/holoassist_manipulation/local_setup.bash
[10.032s] -- Installing: /home/ollie/git/1HoloAssist/ollie/ros2_ws/install/holoassist_manipulation/share/holoassist_manipulation/local_setup.sh
[10.032s] -- Installing: /home/ollie/git/1HoloAssist/ollie/ros2_ws/install/holoassist_manipulation/share/holoassist_manipulation/local_setup.zsh
[10.032s] -- Installing: /home/ollie/git/1HoloAssist/ollie/ros2_ws/install/holoassist_manipulation/share/holoassist_manipulation/local_setup.dsv
[10.032s] -- Installing: /home/ollie/git/1HoloAssist/ollie/ros2_ws/install/holoassist_manipulation/share/holoassist_manipulation/package.dsv
[10.032s] -- Installing: /home/ollie/git/1HoloAssist/ollie/ros2_ws/install/holoassist_manipulation/share/ament_index/resource_index/packages/holoassist_manipulation
[10.033s] -- Installing: /home/ollie/git/1HoloAssist/ollie/ros2_ws/install/holoassist_manipulation/share/holoassist_manipulation/cmake/holoassist_manipulationConfig.cmake
[10.033s] -- Installing: /home/ollie/git/1HoloAssist/ollie/ros2_ws/install/holoassist_manipulation/share/holoassist_manipulation/cmake/holoassist_manipulationConfig-version.cmake
[10.033s] -- Installing: /home/ollie/git/1HoloAssist/ollie/ros2_ws/install/holoassist_manipulation/share/holoassist_manipulation/package.xml
[10.034s] Invoked command in '/home/ollie/git/1HoloAssist/ollie/ros2_ws/build/holoassist_manipulation' returned '0': CMAKE_PREFIX_PATH=/opt/ros/humble /usr/bin/cmake --install /home/ollie/git/1HoloAssist/ollie/ros2_ws/build/holoassist_manipulation
