[0.386s] Invoking command in '/home/ollie/git/1HoloAssist/ollie/ros2_ws/src/holoassist_movement': PYTHONPATH=/home/ollie/git/1HoloAssist/ollie/build/holoassist_movement/prefix_override:/usr/lib/python3/dist-packages/colcon_core/task/python/colcon_distutils_commands:/home/ollie/git/1HoloAssist/ollie/install/holoassist_movement/lib/python3.10/site-packages: /usr/bin/python3 -W ignore:setup.py install is deprecated -W ignore:easy_install command is deprecated setup.py egg_info --egg-base ../../../build/holoassist_movement build --build-base /home/ollie/git/1HoloAssist/ollie/build/holoassist_movement/build install --record /home/ollie/git/1HoloAssist/ollie/build/holoassist_movement/install.log --single-version-externally-managed install_data
[0.547s] running egg_info
[0.548s] writing ../../../build/holoassist_movement/holoassist_movement.egg-info/PKG-INFO
[0.548s] writing dependency_links to ../../../build/holoassist_movement/holoassist_movement.egg-info/dependency_links.txt
[0.548s] writing entry points to ../../../build/holoassist_movement/holoassist_movement.egg-info/entry_points.txt
[0.548s] writing requirements to ../../../build/holoassist_movement/holoassist_movement.egg-info/requires.txt
[0.548s] writing top-level names to ../../../build/holoassist_movement/holoassist_movement.egg-info/top_level.txt
[0.549s] reading manifest file '../../../build/holoassist_movement/holoassist_movement.egg-info/SOURCES.txt'
[0.550s] writing manifest file '../../../build/holoassist_movement/holoassist_movement.egg-info/SOURCES.txt'
[0.550s] running build
[0.550s] running build_py
[0.551s] copying holoassist_movement/robot_state.py -> /home/ollie/git/1HoloAssist/ollie/build/holoassist_movement/build/lib/holoassist_movement
[0.551s] copying holoassist_movement/move_to_joints.py -> /home/ollie/git/1HoloAssist/ollie/build/holoassist_movement/build/lib/holoassist_movement
[0.551s] running install
[0.551s] running install_lib
[0.552s] copying /home/ollie/git/1HoloAssist/ollie/build/holoassist_movement/build/lib/holoassist_movement/robot_state.py -> /home/ollie/git/1HoloAssist/ollie/install/holoassist_movement/lib/python3.10/site-packages/holoassist_movement
[0.553s] copying /home/ollie/git/1HoloAssist/ollie/build/holoassist_movement/build/lib/holoassist_movement/move_to_joints.py -> /home/ollie/git/1HoloAssist/ollie/install/holoassist_movement/lib/python3.10/site-packages/holoassist_movement
[0.553s] byte-compiling /home/ollie/git/1HoloAssist/ollie/install/holoassist_movement/lib/python3.10/site-packages/holoassist_movement/robot_state.py to robot_state.cpython-310.pyc
[0.553s] byte-compiling /home/ollie/git/1HoloAssist/ollie/install/holoassist_movement/lib/python3.10/site-packages/holoassist_movement/move_to_joints.py to move_to_joints.cpython-310.pyc
[0.553s] running install_data
[0.553s] running install_egg_info
[0.555s] removing '/home/ollie/git/1HoloAssist/ollie/install/holoassist_movement/lib/python3.10/site-packages/holoassist_movement-0.0.0-py3.10.egg-info' (and everything under it)
[0.555s] Copying ../../../build/holoassist_movement/holoassist_movement.egg-info to /home/ollie/git/1HoloAssist/ollie/install/holoassist_movement/lib/python3.10/site-packages/holoassist_movement-0.0.0-py3.10.egg-info
[0.555s] running install_scripts
[0.572s] Installing move_to_joints script to /home/ollie/git/1HoloAssist/ollie/install/holoassist_movement/lib/holoassist_movement
[0.572s] Installing robot_demo_control script to /home/ollie/git/1HoloAssist/ollie/install/holoassist_movement/lib/holoassist_movement
[0.572s] Installing robot_state script to /home/ollie/git/1HoloAssist/ollie/install/holoassist_movement/lib/holoassist_movement
[0.572s] writing list of installed files to '/home/ollie/git/1HoloAssist/ollie/build/holoassist_movement/install.log'
[0.591s] Invoked command in '/home/ollie/git/1HoloAssist/ollie/ros2_ws/src/holoassist_movement' returned '0': PYTHONPATH=/home/ollie/git/1HoloAssist/ollie/build/holoassist_movement/prefix_override:/usr/lib/python3/dist-packages/colcon_core/task/python/colcon_distutils_commands:/home/ollie/git/1HoloAssist/ollie/install/holoassist_movement/lib/python3.10/site-packages: /usr/bin/python3 -W ignore:setup.py install is deprecated -W ignore:easy_install command is deprecated setup.py egg_info --egg-base ../../../build/holoassist_movement build --build-base /home/ollie/git/1HoloAssist/ollie/build/holoassist_movement/build install --record /home/ollie/git/1HoloAssist/ollie/build/holoassist_movement/install.log --single-version-externally-managed install_data
