running egg_info
creating ../../../build/holoassist_movement/holoassist_movement.egg-info
writing ../../../build/holoassist_movement/holoassist_movement.egg-info/PKG-INFO
writing dependency_links to ../../../build/holoassist_movement/holoassist_movement.egg-info/dependency_links.txt
writing entry points to ../../../build/holoassist_movement/holoassist_movement.egg-info/entry_points.txt
writing requirements to ../../../build/holoassist_movement/holoassist_movement.egg-info/requires.txt
writing top-level names to ../../../build/holoassist_movement/holoassist_movement.egg-info/top_level.txt
writing manifest file '../../../build/holoassist_movement/holoassist_movement.egg-info/SOURCES.txt'
reading manifest file '../../../build/holoassist_movement/holoassist_movement.egg-info/SOURCES.txt'
writing manifest file '../../../build/holoassist_movement/holoassist_movement.egg-info/SOURCES.txt'
running build
running build_py
creating /home/ollie/git/1HoloAssist/ollie/build/holoassist_movement/build
creating /home/ollie/git/1HoloAssist/ollie/build/holoassist_movement/build/lib
creating /home/ollie/git/1HoloAssist/ollie/build/holoassist_movement/build/lib/holoassist_movement
copying holoassist_movement/robot_demo_control.py -> /home/ollie/git/1HoloAssist/ollie/build/holoassist_movement/build/lib/holoassist_movement
copying holoassist_movement/__init__.py -> /home/ollie/git/1HoloAssist/ollie/build/holoassist_movement/build/lib/holoassist_movement
running install
running install_lib
creating /home/ollie/git/1HoloAssist/ollie/install/holoassist_movement/lib/python3.10/site-packages/holoassist_movement
copying /home/ollie/git/1HoloAssist/ollie/build/holoassist_movement/build/lib/holoassist_movement/robot_demo_control.py -> /home/ollie/git/1HoloAssist/ollie/install/holoassist_movement/lib/python3.10/site-packages/holoassist_movement
copying /home/ollie/git/1HoloAssist/ollie/build/holoassist_movement/build/lib/holoassist_movement/__init__.py -> /home/ollie/git/1HoloAssist/ollie/install/holoassist_movement/lib/python3.10/site-packages/holoassist_movement
byte-compiling /home/ollie/git/1HoloAssist/ollie/install/holoassist_movement/lib/python3.10/site-packages/holoassist_movement/robot_demo_control.py to robot_demo_control.cpython-310.pyc
byte-compiling /home/ollie/git/1HoloAssist/ollie/install/holoassist_movement/lib/python3.10/site-packages/holoassist_movement/__init__.py to __init__.cpython-310.pyc
running install_data
creating /home/ollie/git/1HoloAssist/ollie/install/holoassist_movement/share/ament_index
creating /home/ollie/git/1HoloAssist/ollie/install/holoassist_movement/share/ament_index/resource_index
creating /home/ollie/git/1HoloAssist/ollie/install/holoassist_movement/share/ament_index/resource_index/packages
copying resource/holoassist_movement -> /home/ollie/git/1HoloAssist/ollie/install/holoassist_movement/share/ament_index/resource_index/packages
copying package.xml -> /home/ollie/git/1HoloAssist/ollie/install/holoassist_movement/share/holoassist_movement
creating /home/ollie/git/1HoloAssist/ollie/install/holoassist_movement/share/holoassist_movement/launch
copying launch/robot_demo_control.launch.py -> /home/ollie/git/1HoloAssist/ollie/install/holoassist_movement/share/holoassist_movement/launch
running install_egg_info
Copying ../../../build/holoassist_movement/holoassist_movement.egg-info to /home/ollie/git/1HoloAssist/ollie/install/holoassist_movement/lib/python3.10/site-packages/holoassist_movement-0.0.0-py3.10.egg-info
running install_scripts
Installing robot_demo_control script to /home/ollie/git/1HoloAssist/ollie/install/holoassist_movement/lib/holoassist_movement
writing list of installed files to '/home/ollie/git/1HoloAssist/ollie/build/holoassist_movement/install.log'
