[0.354s] Invoking command in '/home/ollie/git/1HoloAssist/ollie/ros2_ws/src/holoassist_movement': PYTHONPATH=/home/ollie/git/1HoloAssist/ollie/build/holoassist_movement/prefix_override:/usr/lib/python3/dist-packages/colcon_core/task/python/colcon_distutils_commands:/home/ollie/git/1HoloAssist/ollie/install/holoassist_movement/lib/python3.10/site-packages: /usr/bin/python3 -W ignore:setup.py install is deprecated -W ignore:easy_install command is deprecated setup.py egg_info --egg-base ../../../build/holoassist_movement build --build-base /home/ollie/git/1HoloAssist/ollie/build/holoassist_movement/build install --record /home/ollie/git/1HoloAssist/ollie/build/holoassist_movement/install.log --single-version-externally-managed install_data
[0.465s] running egg_info
[0.466s] creating ../../../build/holoassist_movement/holoassist_movement.egg-info
[0.466s] writing ../../../build/holoassist_movement/holoassist_movement.egg-info/PKG-INFO
[0.466s] writing dependency_links to ../../../build/holoassist_movement/holoassist_movement.egg-info/dependency_links.txt
[0.466s] writing entry points to ../../../build/holoassist_movement/holoassist_movement.egg-info/entry_points.txt
[0.466s] writing requirements to ../../../build/holoassist_movement/holoassist_movement.egg-info/requires.txt
[0.466s] writing top-level names to ../../../build/holoassist_movement/holoassist_movement.egg-info/top_level.txt
[0.466s] writing manifest file '../../../build/holoassist_movement/holoassist_movement.egg-info/SOURCES.txt'
[0.467s] reading manifest file '../../../build/holoassist_movement/holoassist_movement.egg-info/SOURCES.txt'
[0.468s] writing manifest file '../../../build/holoassist_movement/holoassist_movement.egg-info/SOURCES.txt'
[0.468s] running build
[0.468s] running build_py
[0.468s] creating /home/ollie/git/1HoloAssist/ollie/build/holoassist_movement/build
[0.468s] creating /home/ollie/git/1HoloAssist/ollie/build/holoassist_movement/build/lib
[0.468s] creating /home/ollie/git/1HoloAssist/ollie/build/holoassist_movement/build/lib/holoassist_movement
[0.468s] copying holoassist_movement/robot_demo_control.py -> /home/ollie/git/1HoloAssist/ollie/build/holoassist_movement/build/lib/holoassist_movement
[0.469s] copying holoassist_movement/__init__.py -> /home/ollie/git/1HoloAssist/ollie/build/holoassist_movement/build/lib/holoassist_movement
[0.469s] running install
[0.469s] running install_lib
[0.469s] creating /home/ollie/git/1HoloAssist/ollie/install/holoassist_movement/lib/python3.10/site-packages/holoassist_movement
[0.469s] copying /home/ollie/git/1HoloAssist/ollie/build/holoassist_movement/build/lib/holoassist_movement/robot_demo_control.py -> /home/ollie/git/1HoloAssist/ollie/install/holoassist_movement/lib/python3.10/site-packages/holoassist_movement
[0.469s] copying /home/ollie/git/1HoloAssist/ollie/build/holoassist_movement/build/lib/holoassist_movement/__init__.py -> /home/ollie/git/1HoloAssist/ollie/install/holoassist_movement/lib/python3.10/site-packages/holoassist_movement
[0.469s] byte-compiling /home/ollie/git/1HoloAssist/ollie/install/holoassist_movement/lib/python3.10/site-packages/holoassist_movement/robot_demo_control.py to robot_demo_control.cpython-310.pyc
[0.469s] byte-compiling /home/ollie/git/1HoloAssist/ollie/install/holoassist_movement/lib/python3.10/site-packages/holoassist_movement/__init__.py to __init__.cpython-310.pyc
[0.470s] running install_data
[0.470s] creating /home/ollie/git/1HoloAssist/ollie/install/holoassist_movement/share/ament_index
[0.470s] creating /home/ollie/git/1HoloAssist/ollie/install/holoassist_movement/share/ament_index/resource_index
[0.470s] creating /home/ollie/git/1HoloAssist/ollie/install/holoassist_movement/share/ament_index/resource_index/packages
[0.470s] copying resource/holoassist_movement -> /home/ollie/git/1HoloAssist/ollie/install/holoassist_movement/share/ament_index/resource_index/packages
[0.470s] copying package.xml -> /home/ollie/git/1HoloAssist/ollie/install/holoassist_movement/share/holoassist_movement
[0.470s] creating /home/ollie/git/1HoloAssist/ollie/install/holoassist_movement/share/holoassist_movement/launch
[0.470s] copying launch/robot_demo_control.launch.py -> /home/ollie/git/1HoloAssist/ollie/install/holoassist_movement/share/holoassist_movement/launch
[0.470s] running install_egg_info
[0.471s] Copying ../../../build/holoassist_movement/holoassist_movement.egg-info to /home/ollie/git/1HoloAssist/ollie/install/holoassist_movement/lib/python3.10/site-packages/holoassist_movement-0.0.0-py3.10.egg-info
[0.471s] running install_scripts
[0.484s] Installing robot_demo_control script to /home/ollie/git/1HoloAssist/ollie/install/holoassist_movement/lib/holoassist_movement
[0.484s] writing list of installed files to '/home/ollie/git/1HoloAssist/ollie/build/holoassist_movement/install.log'
[0.498s] Invoked command in '/home/ollie/git/1HoloAssist/ollie/ros2_ws/src/holoassist_movement' returned '0': PYTHONPATH=/home/ollie/git/1HoloAssist/ollie/build/holoassist_movement/prefix_override:/usr/lib/python3/dist-packages/colcon_core/task/python/colcon_distutils_commands:/home/ollie/git/1HoloAssist/ollie/install/holoassist_movement/lib/python3.10/site-packages: /usr/bin/python3 -W ignore:setup.py install is deprecated -W ignore:easy_install command is deprecated setup.py egg_info --egg-base ../../../build/holoassist_movement build --build-base /home/ollie/git/1HoloAssist/ollie/build/holoassist_movement/build install --record /home/ollie/git/1HoloAssist/ollie/build/holoassist_movement/install.log --single-version-externally-managed install_data
