[0.053s] DEBUG:colcon:Command line arguments: ['/usr/bin/colcon', 'list', '--base-paths', 'ros2_ws/src']
[0.053s] DEBUG:colcon:Parsed command line arguments: Namespace(log_base=None, log_level=None, verb_name='list', build_base='build', ignore_user_meta=False, metas=['./colcon.meta'], base_paths=['ros2_ws/src'], packages_ignore=None, packages_ignore_regex=None, paths=None, packages_up_to=None, packages_up_to_regex=None, packages_above=None, packages_above_and_dependencies=None, packages_above_depth=None, packages_select_by_dep=None, packages_skip_by_dep=None, packages_skip_up_to=None, packages_select_build_failed=False, packages_skip_build_finished=False, packages_select_test_failures=False, packages_skip_test_passed=False, packages_select=None, packages_skip=None, packages_select_regex=None, packages_skip_regex=None, packages_start=None, packages_end=None, allow_overriding=[], topological_order=False, names_only=False, paths_only=False, topological_graph=False, topological_graph_dot=False, topological_graph_density=False, topological_graph_legend=False, topological_graph_dot_cluster=False, topological_graph_dot_include_skipped=False, mixin_files=None, mixin=None, verb_parser=<colcon_mixin.mixin.mixin_argument.MixinArgumentDecorator object at 0x7eb8ebb35f90>, verb_extension=<colcon_package_information.verb.list.ListVerb object at 0x7eb8ebb350f0>, main=<bound method ListVerb.main of <colcon_package_information.verb.list.ListVerb object at 0x7eb8ebb350f0>>, mixin_verb=('list',))
[0.129s] Level 1:colcon.colcon_core.package_discovery:discover_packages(colcon_meta) check parameters
[0.129s] Level 1:colcon.colcon_core.package_discovery:discover_packages(recursive) check parameters
[0.129s] Level 1:colcon.colcon_core.package_discovery:discover_packages(ignore) check parameters
[0.129s] Level 1:colcon.colcon_core.package_discovery:discover_packages(path) check parameters
[0.130s] Level 1:colcon.colcon_core.package_discovery:discover_packages(recursive) discover
[0.130s] INFO:colcon.colcon_core.package_discovery:Crawling recursively for packages in '/home/ollie/git/1HoloAssist/ollie/ros2_ws/src'
[0.130s] Level 1:colcon.colcon_core.package_identification:_identify(ros2_ws/src) by extensions ['ignore', 'ignore_ament_install']
[0.130s] Level 1:colcon.colcon_core.package_identification:_identify(ros2_ws/src) by extension 'ignore'
[0.130s] Level 1:colcon.colcon_core.package_identification:_identify(ros2_ws/src) by extension 'ignore_ament_install'
[0.130s] Level 1:colcon.colcon_core.package_identification:_identify(ros2_ws/src) by extensions ['colcon_pkg']
[0.130s] Level 1:colcon.colcon_core.package_identification:_identify(ros2_ws/src) by extension 'colcon_pkg'
[0.130s] Level 1:colcon.colcon_core.package_identification:_identify(ros2_ws/src) by extensions ['colcon_meta']
[0.130s] Level 1:colcon.colcon_core.package_identification:_identify(ros2_ws/src) by extension 'colcon_meta'
[0.130s] Level 1:colcon.colcon_core.package_identification:_identify(ros2_ws/src) by extensions ['ros']
[0.130s] Level 1:colcon.colcon_core.package_identification:_identify(ros2_ws/src) by extension 'ros'
[0.140s] Level 1:colcon.colcon_core.package_identification:_identify(ros2_ws/src) by extensions ['cmake', 'python']
[0.141s] Level 1:colcon.colcon_core.package_identification:_identify(ros2_ws/src) by extension 'cmake'
[0.141s] Level 1:colcon.colcon_core.package_identification:_identify(ros2_ws/src) by extension 'python'
[0.141s] Level 1:colcon.colcon_core.package_identification:_identify(ros2_ws/src) by extensions ['python_setup_py']
[0.141s] Level 1:colcon.colcon_core.package_identification:_identify(ros2_ws/src) by extension 'python_setup_py'
[0.141s] Level 1:colcon.colcon_core.package_identification:_identify(ros2_ws/src/__pycache__) by extensions ['ignore', 'ignore_ament_install']
[0.141s] Level 1:colcon.colcon_core.package_identification:_identify(ros2_ws/src/__pycache__) by extension 'ignore'
[0.141s] Level 1:colcon.colcon_core.package_identification:_identify(ros2_ws/src/__pycache__) by extension 'ignore_ament_install'
[0.141s] Level 1:colcon.colcon_core.package_identification:_identify(ros2_ws/src/__pycache__) by extensions ['colcon_pkg']
[0.141s] Level 1:colcon.colcon_core.package_identification:_identify(ros2_ws/src/__pycache__) by extension 'colcon_pkg'
[0.141s] Level 1:colcon.colcon_core.package_identification:_identify(ros2_ws/src/__pycache__) by extensions ['colcon_meta']
[0.141s] Level 1:colcon.colcon_core.package_identification:_identify(ros2_ws/src/__pycache__) by extension 'colcon_meta'
[0.141s] Level 1:colcon.colcon_core.package_identification:_identify(ros2_ws/src/__pycache__) by extensions ['ros']
[0.141s] Level 1:colcon.colcon_core.package_identification:_identify(ros2_ws/src/__pycache__) by extension 'ros'
[0.141s] Level 1:colcon.colcon_core.package_identification:_identify(ros2_ws/src/__pycache__) by extensions ['cmake', 'python']
[0.141s] Level 1:colcon.colcon_core.package_identification:_identify(ros2_ws/src/__pycache__) by extension 'cmake'
[0.141s] Level 1:colcon.colcon_core.package_identification:_identify(ros2_ws/src/__pycache__) by extension 'python'
[0.141s] Level 1:colcon.colcon_core.package_identification:_identify(ros2_ws/src/__pycache__) by extensions ['python_setup_py']
[0.141s] Level 1:colcon.colcon_core.package_identification:_identify(ros2_ws/src/__pycache__) by extension 'python_setup_py'
[0.141s] Level 1:colcon.colcon_core.package_identification:_identify(ros2_ws/src/holoassist_manipulation) by extensions ['ignore', 'ignore_ament_install']
[0.141s] Level 1:colcon.colcon_core.package_identification:_identify(ros2_ws/src/holoassist_manipulation) by extension 'ignore'
[0.141s] Level 1:colcon.colcon_core.package_identification:_identify(ros2_ws/src/holoassist_manipulation) by extension 'ignore_ament_install'
[0.141s] Level 1:colcon.colcon_core.package_identification:_identify(ros2_ws/src/holoassist_manipulation) by extensions ['colcon_pkg']
[0.141s] Level 1:colcon.colcon_core.package_identification:_identify(ros2_ws/src/holoassist_manipulation) by extension 'colcon_pkg'
[0.141s] Level 1:colcon.colcon_core.package_identification:_identify(ros2_ws/src/holoassist_manipulation) by extensions ['colcon_meta']
[0.141s] Level 1:colcon.colcon_core.package_identification:_identify(ros2_ws/src/holoassist_manipulation) by extension 'colcon_meta'
[0.141s] Level 1:colcon.colcon_core.package_identification:_identify(ros2_ws/src/holoassist_manipulation) by extensions ['ros']
[0.141s] Level 1:colcon.colcon_core.package_identification:_identify(ros2_ws/src/holoassist_manipulation) by extension 'ros'
[0.144s] DEBUG:colcon.colcon_core.package_identification:Package 'ros2_ws/src/holoassist_manipulation' with type 'ros.ament_cmake' and name 'holoassist_manipulation'
[0.144s] Level 1:colcon.colcon_core.package_identification:_identify(ros2_ws/src/holoassist_movement) by extensions ['ignore', 'ignore_ament_install']
[0.144s] Level 1:colcon.colcon_core.package_identification:_identify(ros2_ws/src/holoassist_movement) by extension 'ignore'
[0.144s] Level 1:colcon.colcon_core.package_identification:_identify(ros2_ws/src/holoassist_movement) by extension 'ignore_ament_install'
[0.144s] Level 1:colcon.colcon_core.package_identification:_identify(ros2_ws/src/holoassist_movement) by extensions ['colcon_pkg']
[0.144s] Level 1:colcon.colcon_core.package_identification:_identify(ros2_ws/src/holoassist_movement) by extension 'colcon_pkg'
[0.144s] Level 1:colcon.colcon_core.package_identification:_identify(ros2_ws/src/holoassist_movement) by extensions ['colcon_meta']
[0.144s] Level 1:colcon.colcon_core.package_identification:_identify(ros2_ws/src/holoassist_movement) by extension 'colcon_meta'
[0.145s] Level 1:colcon.colcon_core.package_identification:_identify(ros2_ws/src/holoassist_movement) by extensions ['ros']
[0.145s] Level 1:colcon.colcon_core.package_identification:_identify(ros2_ws/src/holoassist_movement) by extension 'ros'
[0.145s] DEBUG:colcon.colcon_core.package_identification:Package 'ros2_ws/src/holoassist_movement' with type 'ros.ament_python' and name 'holoassist_movement'
[0.145s] Level 1:colcon.colcon_core.package_identification:_identify(ros2_ws/src/holoassist_servo_tools) by extensions ['ignore', 'ignore_ament_install']
[0.145s] Level 1:colcon.colcon_core.package_identification:_identify(ros2_ws/src/holoassist_servo_tools) by extension 'ignore'
[0.145s] Level 1:colcon.colcon_core.package_identification:_identify(ros2_ws/src/holoassist_servo_tools) by extension 'ignore_ament_install'
[0.145s] Level 1:colcon.colcon_core.package_identification:_identify(ros2_ws/src/holoassist_servo_tools) by extensions ['colcon_pkg']
[0.145s] Level 1:colcon.colcon_core.package_identification:_identify(ros2_ws/src/holoassist_servo_tools) by extension 'colcon_pkg'
[0.145s] Level 1:colcon.colcon_core.package_identification:_identify(ros2_ws/src/holoassist_servo_tools) by extensions ['colcon_meta']
[0.145s] Level 1:colcon.colcon_core.package_identification:_identify(ros2_ws/src/holoassist_servo_tools) by extension 'colcon_meta'
[0.145s] Level 1:colcon.colcon_core.package_identification:_identify(ros2_ws/src/holoassist_servo_tools) by extensions ['ros']
[0.145s] Level 1:colcon.colcon_core.package_identification:_identify(ros2_ws/src/holoassist_servo_tools) by extension 'ros'
[0.146s] DEBUG:colcon.colcon_core.package_identification:Package 'ros2_ws/src/holoassist_servo_tools' with type 'ros.ament_python' and name 'holoassist_servo_tools'
[0.146s] Level 1:colcon.colcon_core.package_identification:_identify(ros2_ws/src/holoassist_unity_bridge) by extensions ['ignore', 'ignore_ament_install']
[0.146s] Level 1:colcon.colcon_core.package_identification:_identify(ros2_ws/src/holoassist_unity_bridge) by extension 'ignore'
[0.146s] Level 1:colcon.colcon_core.package_identification:_identify(ros2_ws/src/holoassist_unity_bridge) by extension 'ignore_ament_install'
[0.146s] Level 1:colcon.colcon_core.package_identification:_identify(ros2_ws/src/holoassist_unity_bridge) by extensions ['colcon_pkg']
[0.146s] Level 1:colcon.colcon_core.package_identification:_identify(ros2_ws/src/holoassist_unity_bridge) by extension 'colcon_pkg'
[0.146s] Level 1:colcon.colcon_core.package_identification:_identify(ros2_ws/src/holoassist_unity_bridge) by extensions ['colcon_meta']
[0.146s] Level 1:colcon.colcon_core.package_identification:_identify(ros2_ws/src/holoassist_unity_bridge) by extension 'colcon_meta'
[0.146s] Level 1:colcon.colcon_core.package_identification:_identify(ros2_ws/src/holoassist_unity_bridge) by extensions ['ros']
[0.146s] Level 1:colcon.colcon_core.package_identification:_identify(ros2_ws/src/holoassist_unity_bridge) by extension 'ros'
[0.146s] DEBUG:colcon.colcon_core.package_identification:Package 'ros2_ws/src/holoassist_unity_bridge' with type 'ros.ament_python' and name 'holoassist_unity_bridge'
[0.146s] Level 1:colcon.colcon_core.package_discovery:discover_packages(recursive) using defaults
