[0.082s] DEBUG:colcon:Command line arguments: ['/usr/bin/colcon', 'build', '--base-paths', 'ros2_ws/src']
[0.082s] DEBUG:colcon:Parsed command line arguments: Namespace(log_base=None, log_level=None, verb_name='build', build_base='build', install_base='install', merge_install=False, symlink_install=False, test_result_base=None, continue_on_error=False, executor='parallel', parallel_workers=22, event_handlers=None, ignore_user_meta=False, metas=['./colcon.meta'], base_paths=['ros2_ws/src'], packages_ignore=None, packages_ignore_regex=None, paths=None, packages_up_to=None, packages_up_to_regex=None, packages_above=None, packages_above_and_dependencies=None, packages_above_depth=None, packages_select_by_dep=None, packages_skip_by_dep=None, packages_skip_up_to=None, packages_select_build_failed=False, packages_skip_build_finished=False, packages_select_test_failures=False, packages_skip_test_passed=False, packages_select=None, packages_skip=None, packages_select_regex=None, packages_skip_regex=None, packages_start=None, packages_end=None, allow_overriding=[], cmake_args=None, cmake_target=None, cmake_target_skip_unavailable=False, cmake_clean_cache=False, cmake_clean_first=False, cmake_force_configure=False, ament_cmake_args=None, catkin_cmake_args=None, catkin_skip_building_tests=False, mixin_files=None, mixin=None, verb_parser=<colcon_mixin.mixin.mixin_argument.MixinArgumentDecorator object at 0x72414316df90>, verb_extension=<colcon_core.verb.build.BuildVerb object at 0x72414316dae0>, main=<bound method BuildVerb.main of <colcon_core.verb.build.BuildVerb object at 0x72414316dae0>>, mixin_verb=('build',))
[0.220s] Level 1:colcon.colcon_core.package_discovery:discover_packages(colcon_meta) check parameters
[0.220s] Level 1:colcon.colcon_core.package_discovery:discover_packages(recursive) check parameters
[0.220s] Level 1:colcon.colcon_core.package_discovery:discover_packages(ignore) check parameters
[0.220s] Level 1:colcon.colcon_core.package_discovery:discover_packages(path) check parameters
[0.220s] Level 1:colcon.colcon_core.package_discovery:discover_packages(recursive) discover
[0.220s] INFO:colcon.colcon_core.package_discovery:Crawling recursively for packages in '/home/ollie/git/1HoloAssist/ollie/ros2_ws/src'
[0.220s] Level 1:colcon.colcon_core.package_identification:_identify(ros2_ws/src) by extensions ['ignore', 'ignore_ament_install']
[0.220s] Level 1:colcon.colcon_core.package_identification:_identify(ros2_ws/src) by extension 'ignore'
[0.220s] Level 1:colcon.colcon_core.package_identification:_identify(ros2_ws/src) by extension 'ignore_ament_install'
[0.220s] Level 1:colcon.colcon_core.package_identification:_identify(ros2_ws/src) by extensions ['colcon_pkg']
[0.220s] Level 1:colcon.colcon_core.package_identification:_identify(ros2_ws/src) by extension 'colcon_pkg'
[0.220s] Level 1:colcon.colcon_core.package_identification:_identify(ros2_ws/src) by extensions ['colcon_meta']
[0.220s] Level 1:colcon.colcon_core.package_identification:_identify(ros2_ws/src) by extension 'colcon_meta'
[0.220s] Level 1:colcon.colcon_core.package_identification:_identify(ros2_ws/src) by extensions ['ros']
[0.220s] Level 1:colcon.colcon_core.package_identification:_identify(ros2_ws/src) by extension 'ros'
[0.228s] Level 1:colcon.colcon_core.package_identification:_identify(ros2_ws/src) by extensions ['cmake', 'python']
[0.228s] Level 1:colcon.colcon_core.package_identification:_identify(ros2_ws/src) by extension 'cmake'
[0.228s] Level 1:colcon.colcon_core.package_identification:_identify(ros2_ws/src) by extension 'python'
[0.228s] Level 1:colcon.colcon_core.package_identification:_identify(ros2_ws/src) by extensions ['python_setup_py']
[0.228s] Level 1:colcon.colcon_core.package_identification:_identify(ros2_ws/src) by extension 'python_setup_py'
[0.228s] Level 1:colcon.colcon_core.package_identification:_identify(ros2_ws/src/__pycache__) by extensions ['ignore', 'ignore_ament_install']
[0.228s] Level 1:colcon.colcon_core.package_identification:_identify(ros2_ws/src/__pycache__) by extension 'ignore'
[0.228s] Level 1:colcon.colcon_core.package_identification:_identify(ros2_ws/src/__pycache__) by extension 'ignore_ament_install'
[0.228s] Level 1:colcon.colcon_core.package_identification:_identify(ros2_ws/src/__pycache__) by extensions ['colcon_pkg']
[0.228s] Level 1:colcon.colcon_core.package_identification:_identify(ros2_ws/src/__pycache__) by extension 'colcon_pkg'
[0.228s] Level 1:colcon.colcon_core.package_identification:_identify(ros2_ws/src/__pycache__) by extensions ['colcon_meta']
[0.228s] Level 1:colcon.colcon_core.package_identification:_identify(ros2_ws/src/__pycache__) by extension 'colcon_meta'
[0.228s] Level 1:colcon.colcon_core.package_identification:_identify(ros2_ws/src/__pycache__) by extensions ['ros']
[0.228s] Level 1:colcon.colcon_core.package_identification:_identify(ros2_ws/src/__pycache__) by extension 'ros'
[0.228s] Level 1:colcon.colcon_core.package_identification:_identify(ros2_ws/src/__pycache__) by extensions ['cmake', 'python']
[0.228s] Level 1:colcon.colcon_core.package_identification:_identify(ros2_ws/src/__pycache__) by extension 'cmake'
[0.228s] Level 1:colcon.colcon_core.package_identification:_identify(ros2_ws/src/__pycache__) by extension 'python'
[0.228s] Level 1:colcon.colcon_core.package_identification:_identify(ros2_ws/src/__pycache__) by extensions ['python_setup_py']
[0.228s] Level 1:colcon.colcon_core.package_identification:_identify(ros2_ws/src/__pycache__) by extension 'python_setup_py'
[0.228s] Level 1:colcon.colcon_core.package_identification:_identify(ros2_ws/src/holoassist_manipulation) by extensions ['ignore', 'ignore_ament_install']
[0.229s] Level 1:colcon.colcon_core.package_identification:_identify(ros2_ws/src/holoassist_manipulation) by extension 'ignore'
[0.229s] Level 1:colcon.colcon_core.package_identification:_identify(ros2_ws/src/holoassist_manipulation) by extension 'ignore_ament_install'
[0.229s] Level 1:colcon.colcon_core.package_identification:_identify(ros2_ws/src/holoassist_manipulation) by extensions ['colcon_pkg']
[0.229s] Level 1:colcon.colcon_core.package_identification:_identify(ros2_ws/src/holoassist_manipulation) by extension 'colcon_pkg'
[0.229s] Level 1:colcon.colcon_core.package_identification:_identify(ros2_ws/src/holoassist_manipulation) by extensions ['colcon_meta']
[0.229s] Level 1:colcon.colcon_core.package_identification:_identify(ros2_ws/src/holoassist_manipulation) by extension 'colcon_meta'
[0.229s] Level 1:colcon.colcon_core.package_identification:_identify(ros2_ws/src/holoassist_manipulation) by extensions ['ros']
[0.229s] Level 1:colcon.colcon_core.package_identification:_identify(ros2_ws/src/holoassist_manipulation) by extension 'ros'
[0.231s] DEBUG:colcon.colcon_core.package_identification:Package 'ros2_ws/src/holoassist_manipulation' with type 'ros.ament_cmake' and name 'holoassist_manipulation'
[0.231s] Level 1:colcon.colcon_core.package_identification:_identify(ros2_ws/src/holoassist_movement) by extensions ['ignore', 'ignore_ament_install']
[0.231s] Level 1:colcon.colcon_core.package_identification:_identify(ros2_ws/src/holoassist_movement) by extension 'ignore'
[0.231s] Level 1:colcon.colcon_core.package_identification:_identify(ros2_ws/src/holoassist_movement) by extension 'ignore_ament_install'
[0.231s] Level 1:colcon.colcon_core.package_identification:_identify(ros2_ws/src/holoassist_movement) by extensions ['colcon_pkg']
[0.231s] Level 1:colcon.colcon_core.package_identification:_identify(ros2_ws/src/holoassist_movement) by extension 'colcon_pkg'
[0.231s] Level 1:colcon.colcon_core.package_identification:_identify(ros2_ws/src/holoassist_movement) by extensions ['colcon_meta']
[0.231s] Level 1:colcon.colcon_core.package_identification:_identify(ros2_ws/src/holoassist_movement) by extension 'colcon_meta'
[0.231s] Level 1:colcon.colcon_core.package_identification:_identify(ros2_ws/src/holoassist_movement) by extensions ['ros']
[0.231s] Level 1:colcon.colcon_core.package_identification:_identify(ros2_ws/src/holoassist_movement) by extension 'ros'
[0.232s] DEBUG:colcon.colcon_core.package_identification:Package 'ros2_ws/src/holoassist_movement' with type 'ros.ament_python' and name 'holoassist_movement'
[0.232s] Level 1:colcon.colcon_core.package_identification:_identify(ros2_ws/src/holoassist_servo_tools) by extensions ['ignore', 'ignore_ament_install']
[0.232s] Level 1:colcon.colcon_core.package_identification:_identify(ros2_ws/src/holoassist_servo_tools) by extension 'ignore'
[0.232s] Level 1:colcon.colcon_core.package_identification:_identify(ros2_ws/src/holoassist_servo_tools) by extension 'ignore_ament_install'
[0.232s] Level 1:colcon.colcon_core.package_identification:_identify(ros2_ws/src/holoassist_servo_tools) by extensions ['colcon_pkg']
[0.232s] Level 1:colcon.colcon_core.package_identification:_identify(ros2_ws/src/holoassist_servo_tools) by extension 'colcon_pkg'
[0.232s] Level 1:colcon.colcon_core.package_identification:_identify(ros2_ws/src/holoassist_servo_tools) by extensions ['colcon_meta']
[0.232s] Level 1:colcon.colcon_core.package_identification:_identify(ros2_ws/src/holoassist_servo_tools) by extension 'colcon_meta'
[0.232s] Level 1:colcon.colcon_core.package_identification:_identify(ros2_ws/src/holoassist_servo_tools) by extensions ['ros']
[0.232s] Level 1:colcon.colcon_core.package_identification:_identify(ros2_ws/src/holoassist_servo_tools) by extension 'ros'
[0.232s] DEBUG:colcon.colcon_core.package_identification:Package 'ros2_ws/src/holoassist_servo_tools' with type 'ros.ament_python' and name 'holoassist_servo_tools'
[0.233s] Level 1:colcon.colcon_core.package_identification:_identify(ros2_ws/src/holoassist_unity_bridge) by extensions ['ignore', 'ignore_ament_install']
[0.233s] Level 1:colcon.colcon_core.package_identification:_identify(ros2_ws/src/holoassist_unity_bridge) by extension 'ignore'
[0.233s] Level 1:colcon.colcon_core.package_identification:_identify(ros2_ws/src/holoassist_unity_bridge) by extension 'ignore_ament_install'
[0.233s] Level 1:colcon.colcon_core.package_identification:_identify(ros2_ws/src/holoassist_unity_bridge) by extensions ['colcon_pkg']
[0.233s] Level 1:colcon.colcon_core.package_identification:_identify(ros2_ws/src/holoassist_unity_bridge) by extension 'colcon_pkg'
[0.233s] Level 1:colcon.colcon_core.package_identification:_identify(ros2_ws/src/holoassist_unity_bridge) by extensions ['colcon_meta']
[0.233s] Level 1:colcon.colcon_core.package_identification:_identify(ros2_ws/src/holoassist_unity_bridge) by extension 'colcon_meta'
[0.233s] Level 1:colcon.colcon_core.package_identification:_identify(ros2_ws/src/holoassist_unity_bridge) by extensions ['ros']
[0.233s] Level 1:colcon.colcon_core.package_identification:_identify(ros2_ws/src/holoassist_unity_bridge) by extension 'ros'
[0.233s] DEBUG:colcon.colcon_core.package_identification:Package 'ros2_ws/src/holoassist_unity_bridge' with type 'ros.ament_python' and name 'holoassist_unity_bridge'
[0.233s] Level 1:colcon.colcon_core.package_discovery:discover_packages(recursive) using defaults
[0.256s] Level 1:colcon.colcon_core.package_discovery:discover_packages(prefix_path) check parameters
[0.256s] Level 1:colcon.colcon_core.package_discovery:discover_packages(prefix_path) discover
[0.259s] DEBUG:colcon.colcon_installed_package_information.package_discovery:Found 1 installed packages in /home/ollie/git/1HoloAssist/ollie/install
[0.259s] DEBUG:colcon.colcon_installed_package_information.package_discovery:Found 335 installed packages in /opt/ros/humble
[0.261s] Level 1:colcon.colcon_core.package_discovery:discover_packages(prefix_path) using defaults
[0.291s] Level 5:colcon.colcon_core.verb:set package 'holoassist_manipulation' build argument 'cmake_args' from command line to 'None'
[0.291s] Level 5:colcon.colcon_core.verb:set package 'holoassist_manipulation' build argument 'cmake_target' from command line to 'None'
[0.291s] Level 5:colcon.colcon_core.verb:set package 'holoassist_manipulation' build argument 'cmake_target_skip_unavailable' from command line to 'False'
[0.292s] Level 5:colcon.colcon_core.verb:set package 'holoassist_manipulation' build argument 'cmake_clean_cache' from command line to 'False'
[0.292s] Level 5:colcon.colcon_core.verb:set package 'holoassist_manipulation' build argument 'cmake_clean_first' from command line to 'False'
[0.292s] Level 5:colcon.colcon_core.verb:set package 'holoassist_manipulation' build argument 'cmake_force_configure' from command line to 'False'
[0.292s] Level 5:colcon.colcon_core.verb:set package 'holoassist_manipulation' build argument 'ament_cmake_args' from command line to 'None'
[0.292s] Level 5:colcon.colcon_core.verb:set package 'holoassist_manipulation' build argument 'catkin_cmake_args' from command line to 'None'
[0.292s] Level 5:colcon.colcon_core.verb:set package 'holoassist_manipulation' build argument 'catkin_skip_building_tests' from command line to 'False'
[0.292s] DEBUG:colcon.colcon_core.verb:Building package 'holoassist_manipulation' with the following arguments: {'ament_cmake_args': None, 'build_base': '/home/ollie/git/1HoloAssist/ollie/build/holoassist_manipulation', 'catkin_cmake_args': None, 'catkin_skip_building_tests': False, 'cmake_args': None, 'cmake_clean_cache': False, 'cmake_clean_first': False, 'cmake_force_configure': False, 'cmake_target': None, 'cmake_target_skip_unavailable': False, 'install_base': '/home/ollie/git/1HoloAssist/ollie/install/holoassist_manipulation', 'merge_install': False, 'path': '/home/ollie/git/1HoloAssist/ollie/ros2_ws/src/holoassist_manipulation', 'symlink_install': False, 'test_result_base': None}
[0.292s] Level 5:colcon.colcon_core.verb:set package 'holoassist_movement' build argument 'cmake_args' from command line to 'None'
[0.292s] Level 5:colcon.colcon_core.verb:set package 'holoassist_movement' build argument 'cmake_target' from command line to 'None'
[0.292s] Level 5:colcon.colcon_core.verb:set package 'holoassist_movement' build argument 'cmake_target_skip_unavailable' from command line to 'False'
[0.292s] Level 5:colcon.colcon_core.verb:set package 'holoassist_movement' build argument 'cmake_clean_cache' from command line to 'False'
[0.292s] Level 5:colcon.colcon_core.verb:set package 'holoassist_movement' build argument 'cmake_clean_first' from command line to 'False'
[0.292s] Level 5:colcon.colcon_core.verb:set package 'holoassist_movement' build argument 'cmake_force_configure' from command line to 'False'
[0.292s] Level 5:colcon.colcon_core.verb:set package 'holoassist_movement' build argument 'ament_cmake_args' from command line to 'None'
[0.292s] Level 5:colcon.colcon_core.verb:set package 'holoassist_movement' build argument 'catkin_cmake_args' from command line to 'None'
[0.292s] Level 5:colcon.colcon_core.verb:set package 'holoassist_movement' build argument 'catkin_skip_building_tests' from command line to 'False'
[0.292s] DEBUG:colcon.colcon_core.verb:Building package 'holoassist_movement' with the following arguments: {'ament_cmake_args': None, 'build_base': '/home/ollie/git/1HoloAssist/ollie/build/holoassist_movement', 'catkin_cmake_args': None, 'catkin_skip_building_tests': False, 'cmake_args': None, 'cmake_clean_cache': False, 'cmake_clean_first': False, 'cmake_force_configure': False, 'cmake_target': None, 'cmake_target_skip_unavailable': False, 'install_base': '/home/ollie/git/1HoloAssist/ollie/install/holoassist_movement', 'merge_install': False, 'path': '/home/ollie/git/1HoloAssist/ollie/ros2_ws/src/holoassist_movement', 'symlink_install': False, 'test_result_base': None}
[0.293s] Level 5:colcon.colcon_core.verb:set package 'holoassist_servo_tools' build argument 'cmake_args' from command line to 'None'
[0.293s] Level 5:colcon.colcon_core.verb:set package 'holoassist_servo_tools' build argument 'cmake_target' from command line to 'None'
[0.293s] Level 5:colcon.colcon_core.verb:set package 'holoassist_servo_tools' build argument 'cmake_target_skip_unavailable' from command line to 'False'
[0.293s] Level 5:colcon.colcon_core.verb:set package 'holoassist_servo_tools' build argument 'cmake_clean_cache' from command line to 'False'
[0.293s] Level 5:colcon.colcon_core.verb:set package 'holoassist_servo_tools' build argument 'cmake_clean_first' from command line to 'False'
[0.293s] Level 5:colcon.colcon_core.verb:set package 'holoassist_servo_tools' build argument 'cmake_force_configure' from command line to 'False'
[0.293s] Level 5:colcon.colcon_core.verb:set package 'holoassist_servo_tools' build argument 'ament_cmake_args' from command line to 'None'
[0.293s] Level 5:colcon.colcon_core.verb:set package 'holoassist_servo_tools' build argument 'catkin_cmake_args' from command line to 'None'
[0.293s] Level 5:colcon.colcon_core.verb:set package 'holoassist_servo_tools' build argument 'catkin_skip_building_tests' from command line to 'False'
[0.293s] DEBUG:colcon.colcon_core.verb:Building package 'holoassist_servo_tools' with the following arguments: {'ament_cmake_args': None, 'build_base': '/home/ollie/git/1HoloAssist/ollie/build/holoassist_servo_tools', 'catkin_cmake_args': None, 'catkin_skip_building_tests': False, 'cmake_args': None, 'cmake_clean_cache': False, 'cmake_clean_first': False, 'cmake_force_configure': False, 'cmake_target': None, 'cmake_target_skip_unavailable': False, 'install_base': '/home/ollie/git/1HoloAssist/ollie/install/holoassist_servo_tools', 'merge_install': False, 'path': '/home/ollie/git/1HoloAssist/ollie/ros2_ws/src/holoassist_servo_tools', 'symlink_install': False, 'test_result_base': None}
[0.294s] Level 5:colcon.colcon_core.verb:set package 'holoassist_unity_bridge' build argument 'cmake_args' from command line to 'None'
[0.294s] Level 5:colcon.colcon_core.verb:set package 'holoassist_unity_bridge' build argument 'cmake_target' from command line to 'None'
[0.294s] Level 5:colcon.colcon_core.verb:set package 'holoassist_unity_bridge' build argument 'cmake_target_skip_unavailable' from command line to 'False'
[0.294s] Level 5:colcon.colcon_core.verb:set package 'holoassist_unity_bridge' build argument 'cmake_clean_cache' from command line to 'False'
[0.294s] Level 5:colcon.colcon_core.verb:set package 'holoassist_unity_bridge' build argument 'cmake_clean_first' from command line to 'False'
[0.294s] Level 5:colcon.colcon_core.verb:set package 'holoassist_unity_bridge' build argument 'cmake_force_configure' from command line to 'False'
[0.294s] Level 5:colcon.colcon_core.verb:set package 'holoassist_unity_bridge' build argument 'ament_cmake_args' from command line to 'None'
[0.294s] Level 5:colcon.colcon_core.verb:set package 'holoassist_unity_bridge' build argument 'catkin_cmake_args' from command line to 'None'
[0.294s] Level 5:colcon.colcon_core.verb:set package 'holoassist_unity_bridge' build argument 'catkin_skip_building_tests' from command line to 'False'
[0.294s] DEBUG:colcon.colcon_core.verb:Building package 'holoassist_unity_bridge' with the following arguments: {'ament_cmake_args': None, 'build_base': '/home/ollie/git/1HoloAssist/ollie/build/holoassist_unity_bridge', 'catkin_cmake_args': None, 'catkin_skip_building_tests': False, 'cmake_args': None, 'cmake_clean_cache': False, 'cmake_clean_first': False, 'cmake_force_configure': False, 'cmake_target': None, 'cmake_target_skip_unavailable': False, 'install_base': '/home/ollie/git/1HoloAssist/ollie/install/holoassist_unity_bridge', 'merge_install': False, 'path': '/home/ollie/git/1HoloAssist/ollie/ros2_ws/src/holoassist_unity_bridge', 'symlink_install': False, 'test_result_base': None}
[0.294s] INFO:colcon.colcon_core.executor:Executing jobs using 'parallel' executor
[0.295s] DEBUG:colcon.colcon_parallel_executor.executor.parallel:run_until_complete
[0.295s] INFO:colcon.colcon_ros.task.ament_cmake.build:Building ROS package in '/home/ollie/git/1HoloAssist/ollie/ros2_ws/src/holoassist_manipulation' with build type 'ament_cmake'
[0.295s] INFO:colcon.colcon_cmake.task.cmake.build:Building CMake package in '/home/ollie/git/1HoloAssist/ollie/ros2_ws/src/holoassist_manipulation'
[0.296s] INFO:colcon.colcon_core.plugin_system:Skipping extension 'colcon_core.shell.bat': Not used on non-Windows systems
[0.296s] INFO:colcon.colcon_core.shell:Skip shell extension 'powershell' for command environment: Not usable outside of PowerShell
[0.296s] DEBUG:colcon.colcon_core.shell:Skip shell extension 'dsv' for command environment
[0.299s] INFO:colcon.colcon_ros.task.ament_python.build:Building ROS package in '/home/ollie/git/1HoloAssist/ollie/ros2_ws/src/holoassist_servo_tools' with build type 'ament_python'
[0.299s] Level 1:colcon.colcon_core.shell:create_environment_hook('holoassist_servo_tools', 'ament_prefix_path')
[0.299s] INFO:colcon.colcon_core.shell:Creating environment hook '/home/ollie/git/1HoloAssist/ollie/install/holoassist_servo_tools/share/holoassist_servo_tools/hook/ament_prefix_path.ps1'
[0.299s] INFO:colcon.colcon_core.shell:Creating environment descriptor '/home/ollie/git/1HoloAssist/ollie/install/holoassist_servo_tools/share/holoassist_servo_tools/hook/ament_prefix_path.dsv'
[0.300s] INFO:colcon.colcon_core.shell:Creating environment hook '/home/ollie/git/1HoloAssist/ollie/install/holoassist_servo_tools/share/holoassist_servo_tools/hook/ament_prefix_path.sh'
[0.300s] INFO:colcon.colcon_core.shell:Skip shell extension 'powershell' for command environment: Not usable outside of PowerShell
[0.300s] DEBUG:colcon.colcon_core.shell:Skip shell extension 'dsv' for command environment
[0.302s] INFO:colcon.colcon_ros.task.ament_python.build:Building ROS package in '/home/ollie/git/1HoloAssist/ollie/ros2_ws/src/holoassist_movement' with build type 'ament_python'
[0.302s] Level 1:colcon.colcon_core.shell:create_environment_hook('holoassist_movement', 'ament_prefix_path')
[0.302s] INFO:colcon.colcon_core.shell:Creating environment hook '/home/ollie/git/1HoloAssist/ollie/install/holoassist_movement/share/holoassist_movement/hook/ament_prefix_path.ps1'
[0.303s] INFO:colcon.colcon_core.shell:Creating environment descriptor '/home/ollie/git/1HoloAssist/ollie/install/holoassist_movement/share/holoassist_movement/hook/ament_prefix_path.dsv'
[0.303s] INFO:colcon.colcon_core.shell:Creating environment hook '/home/ollie/git/1HoloAssist/ollie/install/holoassist_movement/share/holoassist_movement/hook/ament_prefix_path.sh'
[0.303s] INFO:colcon.colcon_core.shell:Skip shell extension 'powershell' for command environment: Not usable outside of PowerShell
[0.303s] DEBUG:colcon.colcon_core.shell:Skip shell extension 'dsv' for command environment
[0.308s] DEBUG:colcon.colcon_core.event_handler.log_command:Invoking command in '/home/ollie/git/1HoloAssist/ollie/build/holoassist_manipulation': CMAKE_PREFIX_PATH=/opt/ros/humble:/home/ollie/git/1HoloAssist/ollie/install/holoassist_movement /usr/bin/cmake /home/ollie/git/1HoloAssist/ollie/ros2_ws/src/holoassist_manipulation -DCMAKE_INSTALL_PREFIX=/home/ollie/git/1HoloAssist/ollie/install/holoassist_manipulation
[0.553s] INFO:colcon.colcon_core.task.python.build:Building Python package in '/home/ollie/git/1HoloAssist/ollie/ros2_ws/src/holoassist_servo_tools'
[0.553s] INFO:colcon.colcon_core.shell:Skip shell extension 'powershell' for command environment: Not usable outside of PowerShell
[0.553s] DEBUG:colcon.colcon_core.shell:Skip shell extension 'dsv' for command environment
[0.764s] INFO:colcon.colcon_core.task.python.build:Building Python package in '/home/ollie/git/1HoloAssist/ollie/ros2_ws/src/holoassist_movement'
[0.765s] INFO:colcon.colcon_core.shell:Skip shell extension 'powershell' for command environment: Not usable outside of PowerShell
[0.765s] DEBUG:colcon.colcon_core.shell:Skip shell extension 'dsv' for command environment
[1.079s] DEBUG:colcon.colcon_core.event_handler.log_command:Invoking command in '/home/ollie/git/1HoloAssist/ollie/ros2_ws/src/holoassist_movement': PYTHONPATH=/home/ollie/git/1HoloAssist/ollie/build/holoassist_movement/prefix_override:/usr/lib/python3/dist-packages/colcon_core/task/python/colcon_distutils_commands:/home/ollie/git/1HoloAssist/ollie/install/holoassist_movement/lib/python3.10/site-packages:${PYTHONPATH} /usr/bin/python3 -W ignore:setup.py install is deprecated -W ignore:easy_install command is deprecated setup.py egg_info --egg-base ../../../build/holoassist_movement build --build-base /home/ollie/git/1HoloAssist/ollie/build/holoassist_movement/build install --record /home/ollie/git/1HoloAssist/ollie/build/holoassist_movement/install.log --single-version-externally-managed install_data
[1.084s] DEBUG:colcon.colcon_core.event_handler.log_command:Invoking command in '/home/ollie/git/1HoloAssist/ollie/ros2_ws/src/holoassist_servo_tools': PYTHONPATH=/home/ollie/git/1HoloAssist/ollie/build/holoassist_servo_tools/prefix_override:/usr/lib/python3/dist-packages/colcon_core/task/python/colcon_distutils_commands:/home/ollie/git/1HoloAssist/ollie/install/holoassist_servo_tools/lib/python3.10/site-packages:${PYTHONPATH} /usr/bin/python3 -W ignore:setup.py install is deprecated -W ignore:easy_install command is deprecated setup.py egg_info --egg-base ../../../build/holoassist_servo_tools build --build-base /home/ollie/git/1HoloAssist/ollie/build/holoassist_servo_tools/build install --record /home/ollie/git/1HoloAssist/ollie/build/holoassist_servo_tools/install.log --single-version-externally-managed install_data
[1.380s] DEBUG:colcon.colcon_core.event_handler.log_command:Invoked command in '/home/ollie/git/1HoloAssist/ollie/ros2_ws/src/holoassist_movement' returned '0': PYTHONPATH=/home/ollie/git/1HoloAssist/ollie/build/holoassist_movement/prefix_override:/usr/lib/python3/dist-packages/colcon_core/task/python/colcon_distutils_commands:/home/ollie/git/1HoloAssist/ollie/install/holoassist_movement/lib/python3.10/site-packages:${PYTHONPATH} /usr/bin/python3 -W ignore:setup.py install is deprecated -W ignore:easy_install command is deprecated setup.py egg_info --egg-base ../../../build/holoassist_movement build --build-base /home/ollie/git/1HoloAssist/ollie/build/holoassist_movement/build install --record /home/ollie/git/1HoloAssist/ollie/build/holoassist_movement/install.log --single-version-externally-managed install_data
[1.383s] Level 1:colcon.colcon_core.environment:checking '/home/ollie/git/1HoloAssist/ollie/install/holoassist_movement' for CMake module files
[1.383s] Level 1:colcon.colcon_core.environment:checking '/home/ollie/git/1HoloAssist/ollie/install/holoassist_movement' for CMake config files
[1.384s] Level 1:colcon.colcon_core.environment:checking '/home/ollie/git/1HoloAssist/ollie/install/holoassist_movement/lib'
[1.385s] Level 1:colcon.colcon_core.environment:checking '/home/ollie/git/1HoloAssist/ollie/install/holoassist_movement/bin'
[1.385s] Level 1:colcon.colcon_core.environment:checking '/home/ollie/git/1HoloAssist/ollie/install/holoassist_movement/lib/pkgconfig/holoassist_movement.pc'
[1.385s] Level 1:colcon.colcon_core.environment:checking '/home/ollie/git/1HoloAssist/ollie/install/holoassist_movement/lib/python3.10/site-packages'
[1.385s] Level 1:colcon.colcon_core.shell:create_environment_hook('holoassist_movement', 'pythonpath')
[1.385s] INFO:colcon.colcon_core.shell:Creating environment hook '/home/ollie/git/1HoloAssist/ollie/install/holoassist_movement/share/holoassist_movement/hook/pythonpath.ps1'
[1.386s] INFO:colcon.colcon_core.shell:Creating environment descriptor '/home/ollie/git/1HoloAssist/ollie/install/holoassist_movement/share/holoassist_movement/hook/pythonpath.dsv'
[1.387s] INFO:colcon.colcon_core.shell:Creating environment hook '/home/ollie/git/1HoloAssist/ollie/install/holoassist_movement/share/holoassist_movement/hook/pythonpath.sh'
[1.388s] Level 1:colcon.colcon_core.environment:checking '/home/ollie/git/1HoloAssist/ollie/install/holoassist_movement/bin'
[1.388s] Level 1:colcon.colcon_core.environment:create_environment_scripts_only(holoassist_movement)
[1.388s] INFO:colcon.colcon_core.shell:Creating package script '/home/ollie/git/1HoloAssist/ollie/install/holoassist_movement/share/holoassist_movement/package.ps1'
[1.389s] INFO:colcon.colcon_core.shell:Creating package descriptor '/home/ollie/git/1HoloAssist/ollie/install/holoassist_movement/share/holoassist_movement/package.dsv'
[1.390s] INFO:colcon.colcon_core.shell:Creating package script '/home/ollie/git/1HoloAssist/ollie/install/holoassist_movement/share/holoassist_movement/package.sh'
[1.391s] INFO:colcon.colcon_core.shell:Creating package script '/home/ollie/git/1HoloAssist/ollie/install/holoassist_movement/share/holoassist_movement/package.bash'
[1.391s] INFO:colcon.colcon_core.shell:Creating package script '/home/ollie/git/1HoloAssist/ollie/install/holoassist_movement/share/holoassist_movement/package.zsh'
[1.392s] Level 1:colcon.colcon_core.environment:create_file_with_runtime_dependencies(/home/ollie/git/1HoloAssist/ollie/install/holoassist_movement/share/colcon-core/packages/holoassist_movement)
[1.393s] Level 1:colcon.colcon_core.environment:checking '/home/ollie/git/1HoloAssist/ollie/install/holoassist_servo_tools' for CMake module files
[1.394s] Level 1:colcon.colcon_core.environment:checking '/home/ollie/git/1HoloAssist/ollie/install/holoassist_servo_tools' for CMake config files
[1.394s] DEBUG:colcon.colcon_core.event_handler.log_command:Invoked command in '/home/ollie/git/1HoloAssist/ollie/ros2_ws/src/holoassist_servo_tools' returned '0': PYTHONPATH=/home/ollie/git/1HoloAssist/ollie/build/holoassist_servo_tools/prefix_override:/usr/lib/python3/dist-packages/colcon_core/task/python/colcon_distutils_commands:/home/ollie/git/1HoloAssist/ollie/install/holoassist_servo_tools/lib/python3.10/site-packages:${PYTHONPATH} /usr/bin/python3 -W ignore:setup.py install is deprecated -W ignore:easy_install command is deprecated setup.py egg_info --egg-base ../../../build/holoassist_servo_tools build --build-base /home/ollie/git/1HoloAssist/ollie/build/holoassist_servo_tools/build install --record /home/ollie/git/1HoloAssist/ollie/build/holoassist_servo_tools/install.log --single-version-externally-managed install_data
[1.395s] Level 1:colcon.colcon_core.environment:checking '/home/ollie/git/1HoloAssist/ollie/install/holoassist_servo_tools/lib'
[1.395s] Level 1:colcon.colcon_core.environment:checking '/home/ollie/git/1HoloAssist/ollie/install/holoassist_servo_tools/bin'
[1.395s] Level 1:colcon.colcon_core.environment:checking '/home/ollie/git/1HoloAssist/ollie/install/holoassist_servo_tools/lib/pkgconfig/holoassist_servo_tools.pc'
[1.395s] Level 1:colcon.colcon_core.environment:checking '/home/ollie/git/1HoloAssist/ollie/install/holoassist_servo_tools/lib/python3.10/site-packages'
[1.395s] Level 1:colcon.colcon_core.shell:create_environment_hook('holoassist_servo_tools', 'pythonpath')
[1.395s] INFO:colcon.colcon_core.shell:Creating environment hook '/home/ollie/git/1HoloAssist/ollie/install/holoassist_servo_tools/share/holoassist_servo_tools/hook/pythonpath.ps1'
[1.396s] INFO:colcon.colcon_core.shell:Creating environment descriptor '/home/ollie/git/1HoloAssist/ollie/install/holoassist_servo_tools/share/holoassist_servo_tools/hook/pythonpath.dsv'
[1.396s] INFO:colcon.colcon_core.shell:Creating environment hook '/home/ollie/git/1HoloAssist/ollie/install/holoassist_servo_tools/share/holoassist_servo_tools/hook/pythonpath.sh'
[1.397s] Level 1:colcon.colcon_core.environment:checking '/home/ollie/git/1HoloAssist/ollie/install/holoassist_servo_tools/bin'
[1.397s] Level 1:colcon.colcon_core.environment:create_environment_scripts_only(holoassist_servo_tools)
[1.397s] INFO:colcon.colcon_core.shell:Creating package script '/home/ollie/git/1HoloAssist/ollie/install/holoassist_servo_tools/share/holoassist_servo_tools/package.ps1'
[1.397s] INFO:colcon.colcon_core.shell:Creating package descriptor '/home/ollie/git/1HoloAssist/ollie/install/holoassist_servo_tools/share/holoassist_servo_tools/package.dsv'
[1.398s] INFO:colcon.colcon_core.shell:Creating package script '/home/ollie/git/1HoloAssist/ollie/install/holoassist_servo_tools/share/holoassist_servo_tools/package.sh'
[1.398s] INFO:colcon.colcon_core.shell:Creating package script '/home/ollie/git/1HoloAssist/ollie/install/holoassist_servo_tools/share/holoassist_servo_tools/package.bash'
[1.398s] INFO:colcon.colcon_core.shell:Creating package script '/home/ollie/git/1HoloAssist/ollie/install/holoassist_servo_tools/share/holoassist_servo_tools/package.zsh'
[1.399s] Level 1:colcon.colcon_core.environment:create_file_with_runtime_dependencies(/home/ollie/git/1HoloAssist/ollie/install/holoassist_servo_tools/share/colcon-core/packages/holoassist_servo_tools)
[2.116s] DEBUG:colcon.colcon_core.event_handler.log_command:Invoked command in '/home/ollie/git/1HoloAssist/ollie/build/holoassist_manipulation' returned '0': CMAKE_PREFIX_PATH=/opt/ros/humble:/home/ollie/git/1HoloAssist/ollie/install/holoassist_movement /usr/bin/cmake /home/ollie/git/1HoloAssist/ollie/ros2_ws/src/holoassist_manipulation -DCMAKE_INSTALL_PREFIX=/home/ollie/git/1HoloAssist/ollie/install/holoassist_manipulation
[2.118s] DEBUG:colcon.colcon_core.event_handler.log_command:Invoking command in '/home/ollie/git/1HoloAssist/ollie/build/holoassist_manipulation': CMAKE_PREFIX_PATH=/opt/ros/humble:/home/ollie/git/1HoloAssist/ollie/install/holoassist_movement /usr/bin/cmake --build /home/ollie/git/1HoloAssist/ollie/build/holoassist_manipulation -- -j22 -l22
[13.459s] DEBUG:colcon.colcon_core.event_handler.log_command:Invoked command in '/home/ollie/git/1HoloAssist/ollie/build/holoassist_manipulation' returned '0': CMAKE_PREFIX_PATH=/opt/ros/humble:/home/ollie/git/1HoloAssist/ollie/install/holoassist_movement /usr/bin/cmake --build /home/ollie/git/1HoloAssist/ollie/build/holoassist_manipulation -- -j22 -l22
[13.470s] DEBUG:colcon.colcon_core.event_handler.log_command:Invoking command in '/home/ollie/git/1HoloAssist/ollie/build/holoassist_manipulation': CMAKE_PREFIX_PATH=/opt/ros/humble:/home/ollie/git/1HoloAssist/ollie/install/holoassist_movement /usr/bin/cmake --install /home/ollie/git/1HoloAssist/ollie/build/holoassist_manipulation
[13.482s] Level 1:colcon.colcon_core.environment:create_environment_scripts_only(holoassist_manipulation)
[13.482s] Level 1:colcon.colcon_core.environment:checking '/home/ollie/git/1HoloAssist/ollie/install/holoassist_manipulation' for CMake module files
[13.482s] DEBUG:colcon.colcon_core.event_handler.log_command:Invoked command in '/home/ollie/git/1HoloAssist/ollie/build/holoassist_manipulation' returned '0': CMAKE_PREFIX_PATH=/opt/ros/humble:/home/ollie/git/1HoloAssist/ollie/install/holoassist_movement /usr/bin/cmake --install /home/ollie/git/1HoloAssist/ollie/build/holoassist_manipulation
[13.482s] Level 1:colcon.colcon_core.environment:checking '/home/ollie/git/1HoloAssist/ollie/install/holoassist_manipulation' for CMake config files
[13.483s] Level 1:colcon.colcon_core.shell:create_environment_hook('holoassist_manipulation', 'cmake_prefix_path')
[13.483s] INFO:colcon.colcon_core.shell:Creating environment hook '/home/ollie/git/1HoloAssist/ollie/install/holoassist_manipulation/share/holoassist_manipulation/hook/cmake_prefix_path.ps1'
[13.483s] INFO:colcon.colcon_core.shell:Creating environment descriptor '/home/ollie/git/1HoloAssist/ollie/install/holoassist_manipulation/share/holoassist_manipulation/hook/cmake_prefix_path.dsv'
[13.484s] INFO:colcon.colcon_core.shell:Creating environment hook '/home/ollie/git/1HoloAssist/ollie/install/holoassist_manipulation/share/holoassist_manipulation/hook/cmake_prefix_path.sh'
[13.484s] Level 1:colcon.colcon_core.environment:checking '/home/ollie/git/1HoloAssist/ollie/install/holoassist_manipulation/lib'
[13.484s] Level 1:colcon.colcon_core.environment:checking '/home/ollie/git/1HoloAssist/ollie/install/holoassist_manipulation/bin'
[13.484s] Level 1:colcon.colcon_core.environment:checking '/home/ollie/git/1HoloAssist/ollie/install/holoassist_manipulation/lib/pkgconfig/holoassist_manipulation.pc'
[13.484s] Level 1:colcon.colcon_core.environment:checking '/home/ollie/git/1HoloAssist/ollie/install/holoassist_manipulation/lib/python3.10/site-packages'
[13.484s] Level 1:colcon.colcon_core.environment:checking '/home/ollie/git/1HoloAssist/ollie/install/holoassist_manipulation/bin'
[13.485s] INFO:colcon.colcon_core.shell:Creating package script '/home/ollie/git/1HoloAssist/ollie/install/holoassist_manipulation/share/holoassist_manipulation/package.ps1'
[13.485s] INFO:colcon.colcon_core.shell:Creating package descriptor '/home/ollie/git/1HoloAssist/ollie/install/holoassist_manipulation/share/holoassist_manipulation/package.dsv'
[13.485s] INFO:colcon.colcon_core.shell:Creating package script '/home/ollie/git/1HoloAssist/ollie/install/holoassist_manipulation/share/holoassist_manipulation/package.sh'
[13.486s] INFO:colcon.colcon_core.shell:Creating package script '/home/ollie/git/1HoloAssist/ollie/install/holoassist_manipulation/share/holoassist_manipulation/package.bash'
[13.486s] INFO:colcon.colcon_core.shell:Creating package script '/home/ollie/git/1HoloAssist/ollie/install/holoassist_manipulation/share/holoassist_manipulation/package.zsh'
[13.486s] Level 1:colcon.colcon_core.environment:create_file_with_runtime_dependencies(/home/ollie/git/1HoloAssist/ollie/install/holoassist_manipulation/share/colcon-core/packages/holoassist_manipulation)
[13.486s] Level 1:colcon.colcon_core.environment:create_environment_scripts_only(holoassist_manipulation)
[13.487s] Level 1:colcon.colcon_core.environment:checking '/home/ollie/git/1HoloAssist/ollie/install/holoassist_manipulation' for CMake module files
[13.487s] Level 1:colcon.colcon_core.environment:checking '/home/ollie/git/1HoloAssist/ollie/install/holoassist_manipulation' for CMake config files
[13.487s] Level 1:colcon.colcon_core.shell:create_environment_hook('holoassist_manipulation', 'cmake_prefix_path')
[13.487s] INFO:colcon.colcon_core.shell:Creating environment hook '/home/ollie/git/1HoloAssist/ollie/install/holoassist_manipulation/share/holoassist_manipulation/hook/cmake_prefix_path.ps1'
[13.488s] INFO:colcon.colcon_core.shell:Creating environment descriptor '/home/ollie/git/1HoloAssist/ollie/install/holoassist_manipulation/share/holoassist_manipulation/hook/cmake_prefix_path.dsv'
[13.488s] INFO:colcon.colcon_core.shell:Creating environment hook '/home/ollie/git/1HoloAssist/ollie/install/holoassist_manipulation/share/holoassist_manipulation/hook/cmake_prefix_path.sh'
[13.488s] Level 1:colcon.colcon_core.environment:checking '/home/ollie/git/1HoloAssist/ollie/install/holoassist_manipulation/lib'
[13.488s] Level 1:colcon.colcon_core.environment:checking '/home/ollie/git/1HoloAssist/ollie/install/holoassist_manipulation/bin'
[13.489s] Level 1:colcon.colcon_core.environment:checking '/home/ollie/git/1HoloAssist/ollie/install/holoassist_manipulation/lib/pkgconfig/holoassist_manipulation.pc'
[13.489s] Level 1:colcon.colcon_core.environment:checking '/home/ollie/git/1HoloAssist/ollie/install/holoassist_manipulation/lib/python3.10/site-packages'
[13.489s] Level 1:colcon.colcon_core.environment:checking '/home/ollie/git/1HoloAssist/ollie/install/holoassist_manipulation/bin'
[13.489s] INFO:colcon.colcon_core.shell:Creating package script '/home/ollie/git/1HoloAssist/ollie/install/holoassist_manipulation/share/holoassist_manipulation/package.ps1'
[13.490s] INFO:colcon.colcon_core.shell:Creating package descriptor '/home/ollie/git/1HoloAssist/ollie/install/holoassist_manipulation/share/holoassist_manipulation/package.dsv'
[13.491s] INFO:colcon.colcon_core.shell:Creating package script '/home/ollie/git/1HoloAssist/ollie/install/holoassist_manipulation/share/holoassist_manipulation/package.sh'
[13.491s] INFO:colcon.colcon_core.shell:Creating package script '/home/ollie/git/1HoloAssist/ollie/install/holoassist_manipulation/share/holoassist_manipulation/package.bash'
[13.492s] INFO:colcon.colcon_core.shell:Creating package script '/home/ollie/git/1HoloAssist/ollie/install/holoassist_manipulation/share/holoassist_manipulation/package.zsh'
[13.492s] Level 1:colcon.colcon_core.environment:create_file_with_runtime_dependencies(/home/ollie/git/1HoloAssist/ollie/install/holoassist_manipulation/share/colcon-core/packages/holoassist_manipulation)
[13.492s] INFO:colcon.colcon_ros.task.ament_python.build:Building ROS package in '/home/ollie/git/1HoloAssist/ollie/ros2_ws/src/holoassist_unity_bridge' with build type 'ament_python'
[13.493s] Level 1:colcon.colcon_core.shell:create_environment_hook('holoassist_unity_bridge', 'ament_prefix_path')
[13.493s] INFO:colcon.colcon_core.shell:Creating environment hook '/home/ollie/git/1HoloAssist/ollie/install/holoassist_unity_bridge/share/holoassist_unity_bridge/hook/ament_prefix_path.ps1'
[13.494s] INFO:colcon.colcon_core.shell:Creating environment descriptor '/home/ollie/git/1HoloAssist/ollie/install/holoassist_unity_bridge/share/holoassist_unity_bridge/hook/ament_prefix_path.dsv'
[13.494s] INFO:colcon.colcon_core.shell:Creating environment hook '/home/ollie/git/1HoloAssist/ollie/install/holoassist_unity_bridge/share/holoassist_unity_bridge/hook/ament_prefix_path.sh'
[13.495s] INFO:colcon.colcon_core.shell:Skip shell extension 'powershell' for command environment: Not usable outside of PowerShell
[13.495s] DEBUG:colcon.colcon_core.shell:Skip shell extension 'dsv' for command environment
[13.690s] INFO:colcon.colcon_core.task.python.build:Building Python package in '/home/ollie/git/1HoloAssist/ollie/ros2_ws/src/holoassist_unity_bridge'
[13.691s] INFO:colcon.colcon_core.shell:Skip shell extension 'powershell' for command environment: Not usable outside of PowerShell
[13.691s] DEBUG:colcon.colcon_core.shell:Skip shell extension 'dsv' for command environment
[13.982s] DEBUG:colcon.colcon_core.event_handler.log_command:Invoking command in '/home/ollie/git/1HoloAssist/ollie/ros2_ws/src/holoassist_unity_bridge': AMENT_PREFIX_PATH=/home/ollie/git/1HoloAssist/ollie/install/holoassist_servo_tools:/home/ollie/git/1HoloAssist/ollie/install/holoassist_manipulation:${AMENT_PREFIX_PATH} CMAKE_PREFIX_PATH=/home/ollie/git/1HoloAssist/ollie/install/holoassist_manipulation PYTHONPATH=/home/ollie/git/1HoloAssist/ollie/build/holoassist_unity_bridge/prefix_override:/usr/lib/python3/dist-packages/colcon_core/task/python/colcon_distutils_commands:/home/ollie/git/1HoloAssist/ollie/install/holoassist_unity_bridge/lib/python3.10/site-packages:/home/ollie/git/1HoloAssist/ollie/install/holoassist_servo_tools/lib/python3.10/site-packages:${PYTHONPATH} /usr/bin/python3 -W ignore:setup.py install is deprecated -W ignore:easy_install command is deprecated setup.py egg_info --egg-base ../../../build/holoassist_unity_bridge build --build-base /home/ollie/git/1HoloAssist/ollie/build/holoassist_unity_bridge/build install --record /home/ollie/git/1HoloAssist/ollie/build/holoassist_unity_bridge/install.log --single-version-externally-managed install_data
[14.203s] Level 1:colcon.colcon_core.environment:checking '/home/ollie/git/1HoloAssist/ollie/install/holoassist_unity_bridge' for CMake module files
[14.204s] DEBUG:colcon.colcon_core.event_handler.log_command:Invoked command in '/home/ollie/git/1HoloAssist/ollie/ros2_ws/src/holoassist_unity_bridge' returned '0': AMENT_PREFIX_PATH=/home/ollie/git/1HoloAssist/ollie/install/holoassist_servo_tools:/home/ollie/git/1HoloAssist/ollie/install/holoassist_manipulation:${AMENT_PREFIX_PATH} CMAKE_PREFIX_PATH=/home/ollie/git/1HoloAssist/ollie/install/holoassist_manipulation PYTHONPATH=/home/ollie/git/1HoloAssist/ollie/build/holoassist_unity_bridge/prefix_override:/usr/lib/python3/dist-packages/colcon_core/task/python/colcon_distutils_commands:/home/ollie/git/1HoloAssist/ollie/install/holoassist_unity_bridge/lib/python3.10/site-packages:/home/ollie/git/1HoloAssist/ollie/install/holoassist_servo_tools/lib/python3.10/site-packages:${PYTHONPATH} /usr/bin/python3 -W ignore:setup.py install is deprecated -W ignore:easy_install command is deprecated setup.py egg_info --egg-base ../../../build/holoassist_unity_bridge build --build-base /home/ollie/git/1HoloAssist/ollie/build/holoassist_unity_bridge/build install --record /home/ollie/git/1HoloAssist/ollie/build/holoassist_unity_bridge/install.log --single-version-externally-managed install_data
[14.205s] Level 1:colcon.colcon_core.environment:checking '/home/ollie/git/1HoloAssist/ollie/install/holoassist_unity_bridge' for CMake config files
[14.205s] Level 1:colcon.colcon_core.environment:checking '/home/ollie/git/1HoloAssist/ollie/install/holoassist_unity_bridge/lib'
[14.206s] Level 1:colcon.colcon_core.environment:checking '/home/ollie/git/1HoloAssist/ollie/install/holoassist_unity_bridge/bin'
[14.206s] Level 1:colcon.colcon_core.environment:checking '/home/ollie/git/1HoloAssist/ollie/install/holoassist_unity_bridge/lib/pkgconfig/holoassist_unity_bridge.pc'
[14.206s] Level 1:colcon.colcon_core.environment:checking '/home/ollie/git/1HoloAssist/ollie/install/holoassist_unity_bridge/lib/python3.10/site-packages'
[14.206s] Level 1:colcon.colcon_core.shell:create_environment_hook('holoassist_unity_bridge', 'pythonpath')
[14.206s] INFO:colcon.colcon_core.shell:Creating environment hook '/home/ollie/git/1HoloAssist/ollie/install/holoassist_unity_bridge/share/holoassist_unity_bridge/hook/pythonpath.ps1'
[14.207s] INFO:colcon.colcon_core.shell:Creating environment descriptor '/home/ollie/git/1HoloAssist/ollie/install/holoassist_unity_bridge/share/holoassist_unity_bridge/hook/pythonpath.dsv'
[14.208s] INFO:colcon.colcon_core.shell:Creating environment hook '/home/ollie/git/1HoloAssist/ollie/install/holoassist_unity_bridge/share/holoassist_unity_bridge/hook/pythonpath.sh'
[14.208s] Level 1:colcon.colcon_core.environment:checking '/home/ollie/git/1HoloAssist/ollie/install/holoassist_unity_bridge/bin'
[14.209s] Level 1:colcon.colcon_core.environment:create_environment_scripts_only(holoassist_unity_bridge)
[14.209s] INFO:colcon.colcon_core.shell:Creating package script '/home/ollie/git/1HoloAssist/ollie/install/holoassist_unity_bridge/share/holoassist_unity_bridge/package.ps1'
[14.210s] INFO:colcon.colcon_core.shell:Creating package descriptor '/home/ollie/git/1HoloAssist/ollie/install/holoassist_unity_bridge/share/holoassist_unity_bridge/package.dsv'
[14.210s] INFO:colcon.colcon_core.shell:Creating package script '/home/ollie/git/1HoloAssist/ollie/install/holoassist_unity_bridge/share/holoassist_unity_bridge/package.sh'
[14.210s] INFO:colcon.colcon_core.shell:Creating package script '/home/ollie/git/1HoloAssist/ollie/install/holoassist_unity_bridge/share/holoassist_unity_bridge/package.bash'
[14.211s] INFO:colcon.colcon_core.shell:Creating package script '/home/ollie/git/1HoloAssist/ollie/install/holoassist_unity_bridge/share/holoassist_unity_bridge/package.zsh'
[14.211s] Level 1:colcon.colcon_core.environment:create_file_with_runtime_dependencies(/home/ollie/git/1HoloAssist/ollie/install/holoassist_unity_bridge/share/colcon-core/packages/holoassist_unity_bridge)
[14.211s] DEBUG:colcon.colcon_parallel_executor.executor.parallel:closing loop
[14.212s] DEBUG:colcon.colcon_parallel_executor.executor.parallel:loop closed
[14.212s] DEBUG:colcon.colcon_parallel_executor.executor.parallel:run_until_complete finished with '0'
[14.212s] DEBUG:colcon.colcon_core.event_reactor:joining thread
[14.217s] INFO:colcon.colcon_core.plugin_system:Skipping extension 'colcon_notification.desktop_notification.terminal_notifier': Not used on non-Darwin systems
[14.217s] INFO:colcon.colcon_core.plugin_system:Skipping extension 'colcon_notification.desktop_notification.win32': Not used on non-Windows systems
[14.217s] INFO:colcon.colcon_notification.desktop_notification:Sending desktop notification using 'notify2'
[14.226s] DEBUG:colcon.colcon_core.event_reactor:joined thread
[14.226s] INFO:colcon.colcon_core.shell:Creating prefix script '/home/ollie/git/1HoloAssist/ollie/install/local_setup.ps1'
[14.228s] INFO:colcon.colcon_core.shell:Creating prefix util module '/home/ollie/git/1HoloAssist/ollie/install/_local_setup_util_ps1.py'
[14.229s] INFO:colcon.colcon_core.shell:Creating prefix chain script '/home/ollie/git/1HoloAssist/ollie/install/setup.ps1'
[14.230s] INFO:colcon.colcon_core.shell:Creating prefix script '/home/ollie/git/1HoloAssist/ollie/install/local_setup.sh'
[14.231s] INFO:colcon.colcon_core.shell:Creating prefix util module '/home/ollie/git/1HoloAssist/ollie/install/_local_setup_util_sh.py'
[14.232s] INFO:colcon.colcon_core.shell:Creating prefix chain script '/home/ollie/git/1HoloAssist/ollie/install/setup.sh'
[14.233s] INFO:colcon.colcon_core.shell:Creating prefix script '/home/ollie/git/1HoloAssist/ollie/install/local_setup.bash'
[14.234s] INFO:colcon.colcon_core.shell:Creating prefix chain script '/home/ollie/git/1HoloAssist/ollie/install/setup.bash'
[14.235s] INFO:colcon.colcon_core.shell:Creating prefix script '/home/ollie/git/1HoloAssist/ollie/install/local_setup.zsh'
[14.235s] INFO:colcon.colcon_core.shell:Creating prefix chain script '/home/ollie/git/1HoloAssist/ollie/install/setup.zsh'
