/home/ollie/git/1HoloAssist/ollie/install/holoassist_movement/lib/python3.10/site-packages/holoassist_movement/robot_state.py
/home/ollie/git/1HoloAssist/ollie/install/holoassist_movement/lib/python3.10/site-packages/holoassist_movement/robot_demo_control.py
/home/ollie/git/1HoloAssist/ollie/install/holoassist_movement/lib/python3.10/site-packages/holoassist_movement/move_to_joints.py
/home/ollie/git/1HoloAssist/ollie/install/holoassist_movement/lib/python3.10/site-packages/holoassist_movement/demo_runner.py
/home/ollie/git/1HoloAssist/ollie/install/holoassist_movement/lib/python3.10/site-packages/holoassist_movement/__init__.py
/home/ollie/git/1HoloAssist/ollie/install/holoassist_movement/lib/python3.10/site-packages/holoassist_movement/movement_sequence.py
/home/ollie/git/1HoloAssist/ollie/install/holoassist_movement/lib/python3.10/site-packages/holoassist_movement/__pycache__/robot_state.cpython-310.pyc
/home/ollie/git/1HoloAssist/ollie/install/holoassist_movement/lib/python3.10/site-packages/holoassist_movement/__pycache__/robot_demo_control.cpython-310.pyc
/home/ollie/git/1HoloAssist/ollie/install/holoassist_movement/lib/python3.10/site-packages/holoassist_movement/__pycache__/move_to_joints.cpython-310.pyc
/home/ollie/git/1HoloAssist/ollie/install/holoassist_movement/lib/python3.10/site-packages/holoassist_movement/__pycache__/demo_runner.cpython-310.pyc
/home/ollie/git/1HoloAssist/ollie/install/holoassist_movement/lib/python3.10/site-packages/holoassist_movement/__pycache__/__init__.cpython-310.pyc
/home/ollie/git/1HoloAssist/ollie/install/holoassist_movement/lib/python3.10/site-packages/holoassist_movement/__pycache__/movement_sequence.cpython-310.pyc
/home/ollie/git/1HoloAssist/ollie/install/holoassist_movement/share/ament_index/resource_index/packages/holoassist_movement
/home/ollie/git/1HoloAssist/ollie/install/holoassist_movement/share/holoassist_movement/package.xml
/home/ollie/git/1HoloAssist/ollie/install/holoassist_movement/share/holoassist_movement/launch/robot_demo_control.launch.py
/home/ollie/git/1HoloAssist/ollie/install/holoassist_movement/lib/python3.10/site-packages/holoassist_movement-0.0.0-py3.10.egg-info/SOURCES.txt
/home/ollie/git/1HoloAssist/ollie/install/holoassist_movement/lib/python3.10/site-packages/holoassist_movement-0.0.0-py3.10.egg-info/requires.txt
/home/ollie/git/1HoloAssist/ollie/install/holoassist_movement/lib/python3.10/site-packages/holoassist_movement-0.0.0-py3.10.egg-info/dependency_links.txt
/home/ollie/git/1HoloAssist/ollie/install/holoassist_movement/lib/python3.10/site-packages/holoassist_movement-0.0.0-py3.10.egg-info/PKG-INFO
/home/ollie/git/1HoloAssist/ollie/install/holoassist_movement/lib/python3.10/site-packages/holoassist_movement-0.0.0-py3.10.egg-info/top_level.txt
/home/ollie/git/1HoloAssist/ollie/install/holoassist_movement/lib/python3.10/site-packages/holoassist_movement-0.0.0-py3.10.egg-info/entry_points.txt
/home/ollie/git/1HoloAssist/ollie/install/holoassist_movement/lib/python3.10/site-packages/holoassist_movement-0.0.0-py3.10.egg-info/zip-safe
/home/ollie/git/1HoloAssist/ollie/install/holoassist_movement/lib/holoassist_movement/move_to_joints
/home/ollie/git/1HoloAssist/ollie/install/holoassist_movement/lib/holoassist_movement/robot_demo_control
/home/ollie/git/1HoloAssist/ollie/install/holoassist_movement/lib/holoassist_movement/robot_state
