running egg_info
creating ../../build/holoassist_unity_bridge/holoassist_unity_bridge.egg-info
writing ../../build/holoassist_unity_bridge/holoassist_unity_bridge.egg-info/PKG-INFO
writing dependency_links to ../../build/holoassist_unity_bridge/holoassist_unity_bridge.egg-info/dependency_links.txt
writing entry points to ../../build/holoassist_unity_bridge/holoassist_unity_bridge.egg-info/entry_points.txt
writing requirements to ../../build/holoassist_unity_bridge/holoassist_unity_bridge.egg-info/requires.txt
writing top-level names to ../../build/holoassist_unity_bridge/holoassist_unity_bridge.egg-info/top_level.txt
writing manifest file '../../build/holoassist_unity_bridge/holoassist_unity_bridge.egg-info/SOURCES.txt'
reading manifest file '../../build/holoassist_unity_bridge/holoassist_unity_bridge.egg-info/SOURCES.txt'
writing manifest file '../../build/holoassist_unity_bridge/holoassist_unity_bridge.egg-info/SOURCES.txt'
running build
running build_py
creating /home/ollie/git/1HoloAssist/ollie/ros2_ws/build/holoassist_unity_bridge/build
creating /home/ollie/git/1HoloAssist/ollie/ros2_ws/build/holoassist_unity_bridge/build/lib
creating /home/ollie/git/1HoloAssist/ollie/ros2_ws/build/holoassist_unity_bridge/build/lib/holoassist_unity_bridge
copying holoassist_unity_bridge/tcp_endpoint.launch.py -> /home/ollie/git/1HoloAssist/ollie/ros2_ws/build/holoassist_unity_bridge/build/lib/holoassist_unity_bridge
copying holoassist_unity_bridge/__init__.py -> /home/ollie/git/1HoloAssist/ollie/ros2_ws/build/holoassist_unity_bridge/build/lib/holoassist_unity_bridge
running install
running install_lib
creating /home/ollie/git/1HoloAssist/ollie/ros2_ws/install/holoassist_unity_bridge/lib/python3.10/site-packages/holoassist_unity_bridge
copying /home/ollie/git/1HoloAssist/ollie/ros2_ws/build/holoassist_unity_bridge/build/lib/holoassist_unity_bridge/tcp_endpoint.launch.py -> /home/ollie/git/1HoloAssist/ollie/ros2_ws/install/holoassist_unity_bridge/lib/python3.10/site-packages/holoassist_unity_bridge
copying /home/ollie/git/1HoloAssist/ollie/ros2_ws/build/holoassist_unity_bridge/build/lib/holoassist_unity_bridge/__init__.py -> /home/ollie/git/1HoloAssist/ollie/ros2_ws/install/holoassist_unity_bridge/lib/python3.10/site-packages/holoassist_unity_bridge
byte-compiling /home/ollie/git/1HoloAssist/ollie/ros2_ws/install/holoassist_unity_bridge/lib/python3.10/site-packages/holoassist_unity_bridge/tcp_endpoint.launch.py to tcp_endpoint.launch.cpython-310.pyc
byte-compiling /home/ollie/git/1HoloAssist/ollie/ros2_ws/install/holoassist_unity_bridge/lib/python3.10/site-packages/holoassist_unity_bridge/__init__.py to __init__.cpython-310.pyc
running install_data
creating /home/ollie/git/1HoloAssist/ollie/ros2_ws/install/holoassist_unity_bridge/share/ament_index
creating /home/ollie/git/1HoloAssist/ollie/ros2_ws/install/holoassist_unity_bridge/share/ament_index/resource_index
creating /home/ollie/git/1HoloAssist/ollie/ros2_ws/install/holoassist_unity_bridge/share/ament_index/resource_index/packages
copying resource/holoassist_unity_bridge -> /home/ollie/git/1HoloAssist/ollie/ros2_ws/install/holoassist_unity_bridge/share/ament_index/resource_index/packages
copying package.xml -> /home/ollie/git/1HoloAssist/ollie/ros2_ws/install/holoassist_unity_bridge/share/holoassist_unity_bridge
creating /home/ollie/git/1HoloAssist/ollie/ros2_ws/install/holoassist_unity_bridge/share/holoassist_unity_bridge/launch
copying launch/tcp_endpoint.launch.py -> /home/ollie/git/1HoloAssist/ollie/ros2_ws/install/holoassist_unity_bridge/share/holoassist_unity_bridge/launch
copying launch/unity_movement_bringup.launch.py -> /home/ollie/git/1HoloAssist/ollie/ros2_ws/install/holoassist_unity_bridge/share/holoassist_unity_bridge/launch
running install_egg_info
Copying ../../build/holoassist_unity_bridge/holoassist_unity_bridge.egg-info to /home/ollie/git/1HoloAssist/ollie/ros2_ws/install/holoassist_unity_bridge/lib/python3.10/site-packages/holoassist_unity_bridge-0.0.0-py3.10.egg-info
running install_scripts
writing list of installed files to '/home/ollie/git/1HoloAssist/ollie/ros2_ws/build/holoassist_unity_bridge/install.log'
