[0.013s] Invoking command in '/home/ollie/git/1HoloAssist/ollie/build/holoassist_manipulation': CMAKE_PREFIX_PATH=/opt/ros/humble:/home/ollie/git/1HoloAssist/ollie/install/holoassist_movement /usr/bin/cmake /home/ollie/git/1HoloAssist/ollie/ros2_ws/src/holoassist_manipulation -DCMAKE_INSTALL_PREFIX=/home/ollie/git/1HoloAssist/ollie/install/holoassist_manipulation
[0.263s] -- The C compiler identification is GNU 11.4.0
[0.263s] -- The CXX compiler identification is GNU 11.4.0
[0.264s] -- Detecting C compiler ABI info
[0.264s] -- Detecting C compiler ABI info - done
[0.264s] -- Check for working C compiler: /usr/bin/cc - skipped
[0.264s] -- Detecting C compile features
[0.264s] -- Detecting C compile features - done
[0.264s] -- Detecting CXX compiler ABI info
[0.312s] -- Detecting CXX compiler ABI info - done
[0.320s] -- Check for working CXX compiler: /usr/bin/c++ - skipped
[0.320s] -- Detecting CXX compile features
[0.321s] -- Detecting CXX compile features - done
[0.328s] -- Found ament_cmake: 1.3.14 (/opt/ros/humble/share/ament_cmake/cmake)
[0.464s] -- Found Python3: /usr/bin/python3 (found version "3.10.12") found components: Interpreter 
[0.575s] -- Found rclcpp: 16.0.18 (/opt/ros/humble/share/rclcpp/cmake)
[0.634s] -- Found rosidl_generator_c: 3.1.8 (/opt/ros/humble/share/rosidl_generator_c/cmake)
[0.639s] -- Found rosidl_adapter: 3.1.8 (/opt/ros/humble/share/rosidl_adapter/cmake)
[0.649s] -- Found rosidl_generator_cpp: 3.1.8 (/opt/ros/humble/share/rosidl_generator_cpp/cmake)
[0.665s] -- Using all available rosidl_typesupport_c: rosidl_typesupport_fastrtps_c;rosidl_typesupport_introspection_c
[0.681s] -- Using all available rosidl_typesupport_cpp: rosidl_typesupport_fastrtps_cpp;rosidl_typesupport_introspection_cpp
[0.722s] -- Found rmw_implementation_cmake: 6.1.2 (/opt/ros/humble/share/rmw_implementation_cmake/cmake)
[0.725s] -- Found rmw_fastrtps_cpp: 6.2.10 (/opt/ros/humble/share/rmw_fastrtps_cpp/cmake)
[0.815s] -- Found OpenSSL: /usr/lib/x86_64-linux-gnu/libcrypto.so (found version "3.0.2")  
[0.846s] -- Found FastRTPS: /opt/ros/humble/include  
[0.893s] -- Using RMW implementation 'rmw_fastrtps_cpp' as default
[0.904s] -- Looking for pthread.h
[0.985s] -- Looking for pthread.h - found
[0.985s] -- Performing Test CMAKE_HAVE_LIBC_PTHREAD
[1.062s] -- Performing Test CMAKE_HAVE_LIBC_PTHREAD - Success
[1.063s] -- Found Threads: TRUE  
[1.117s] -- Found geometry_msgs: 4.9.1 (/opt/ros/humble/share/geometry_msgs/cmake)
[1.131s] -- Found sensor_msgs: 4.9.1 (/opt/ros/humble/share/sensor_msgs/cmake)
[1.151s] -- Found tf2: 0.25.19 (/opt/ros/humble/share/tf2/cmake)
[1.161s] -- Found tf2_ros: 0.25.19 (/opt/ros/humble/share/tf2_ros/cmake)
[1.248s] -- Found tf2_geometry_msgs: 0.25.19 (/opt/ros/humble/share/tf2_geometry_msgs/cmake)
[1.259s] -- Found eigen3_cmake_module: 0.1.1 (/opt/ros/humble/share/eigen3_cmake_module/cmake)
[1.261s] -- Found Eigen3: TRUE (found version "3.4.0") 
[1.261s] -- Ensuring Eigen3 include directory is part of orocos-kdl CMake target
[1.263s] -- Found visualization_msgs: 4.9.1 (/opt/ros/humble/share/visualization_msgs/cmake)
[1.282s] -- Found moveit_ros_planning_interface: 2.5.9 (/opt/ros/humble/share/moveit_ros_planning_interface/cmake)
[1.305s] -- Found Boost: /usr/lib/x86_64-linux-gnu/cmake/Boost-1.74.0/BoostConfig.cmake (found version "1.74.0") found components: date_time filesystem program_options system thread 
[1.419s] -- Found Boost: /usr/lib/x86_64-linux-gnu/cmake/Boost-1.74.0/BoostConfig.cmake (found version "1.74.0") found components: chrono date_time filesystem iostreams program_options regex serialization system thread 
[1.454s] -- Found parameter_traits: 0.7.0 (/opt/ros/humble/share/parameter_traits/cmake)
[1.472s] -- Found rclcpp_lifecycle: 16.0.18 (/opt/ros/humble/share/rclcpp_lifecycle/cmake)
[1.495s] -- Found Boost: /usr/lib/x86_64-linux-gnu/cmake/Boost-1.74.0/BoostConfig.cmake (found version "1.74.0") found components: filesystem 
[1.579s] -- library: /usr/lib/x86_64-linux-gnu/libcurl.so
[1.637s] -- Found Boost: /usr/lib/x86_64-linux-gnu/cmake/Boost-1.74.0/BoostConfig.cmake (found version "1.74.0") found components: system filesystem date_time program_options thread chrono 
[1.666s] -- Found Boost: /usr/lib/x86_64-linux-gnu/cmake/Boost-1.74.0/BoostConfig.cmake (found version "1.74.0") found components: thread system filesystem regex date_time program_options 
[1.685s] -- Found Boost: /usr/lib/x86_64-linux-gnu/cmake/Boost-1.74.0/BoostConfig.cmake (found version "1.74.0") found components: system filesystem date_time program_options thread 
[1.712s] -- Found ament_lint_auto: 0.12.15 (/opt/ros/humble/share/ament_lint_auto/cmake)
[1.777s] -- Added test 'cppcheck' to perform static code analysis on C / C++ code
[1.777s] -- Configured cppcheck include dirs: 
[1.777s] -- Configured cppcheck exclude dirs and/or files: 
[1.777s] -- Added test 'flake8' to check Python code syntax and style conventions
[1.777s] -- Added test 'lint_cmake' to check CMake code style
[1.778s] -- Added test 'pep257' to check Python code against some of the docstring style conventions in PEP 257
[1.778s] -- Added test 'uncrustify' to check C / C++ code style
[1.778s] -- Configured uncrustify additional arguments: 
[1.779s] -- Added test 'xmllint' to check XML markup files
[1.780s] -- Configuring done
[1.804s] -- Generating done
[1.810s] -- Build files have been written to: /home/ollie/git/1HoloAssist/ollie/build/holoassist_manipulation
[1.821s] Invoked command in '/home/ollie/git/1HoloAssist/ollie/build/holoassist_manipulation' returned '0': CMAKE_PREFIX_PATH=/opt/ros/humble:/home/ollie/git/1HoloAssist/ollie/install/holoassist_movement /usr/bin/cmake /home/ollie/git/1HoloAssist/ollie/ros2_ws/src/holoassist_manipulation -DCMAKE_INSTALL_PREFIX=/home/ollie/git/1HoloAssist/ollie/install/holoassist_manipulation
[1.823s] Invoking command in '/home/ollie/git/1HoloAssist/ollie/build/holoassist_manipulation': CMAKE_PREFIX_PATH=/opt/ros/humble:/home/ollie/git/1HoloAssist/ollie/install/holoassist_movement /usr/bin/cmake --build /home/ollie/git/1HoloAssist/ollie/build/holoassist_manipulation -- -j22 -l22
[1.875s] [ 50%] [32mBuilding CXX object CMakeFiles/clicked_point_to_moveit.dir/src/clicked_point_to_moveit.cpp.o[0m
[12.516s] [100%] [32m[1mLinking CXX executable clicked_point_to_moveit[0m
[13.153s] [100%] Built target clicked_point_to_moveit
[13.163s] Invoked command in '/home/ollie/git/1HoloAssist/ollie/build/holoassist_manipulation' returned '0': CMAKE_PREFIX_PATH=/opt/ros/humble:/home/ollie/git/1HoloAssist/ollie/install/holoassist_movement /usr/bin/cmake --build /home/ollie/git/1HoloAssist/ollie/build/holoassist_manipulation -- -j22 -l22
[13.174s] Invoking command in '/home/ollie/git/1HoloAssist/ollie/build/holoassist_manipulation': CMAKE_PREFIX_PATH=/opt/ros/humble:/home/ollie/git/1HoloAssist/ollie/install/holoassist_movement /usr/bin/cmake --install /home/ollie/git/1HoloAssist/ollie/build/holoassist_manipulation
[13.180s] -- Install configuration: ""
[13.180s] -- Installing: /home/ollie/git/1HoloAssist/ollie/install/holoassist_manipulation/lib/holoassist_manipulation/clicked_point_to_moveit
[13.183s] -- Set runtime path of "/home/ollie/git/1HoloAssist/ollie/install/holoassist_manipulation/lib/holoassist_manipulation/clicked_point_to_moveit" to ""
[13.183s] -- Installing: /home/ollie/git/1HoloAssist/ollie/install/holoassist_manipulation/share/holoassist_manipulation/launch
[13.183s] -- Installing: /home/ollie/git/1HoloAssist/ollie/install/holoassist_manipulation/share/holoassist_manipulation/launch/__pycache__
[13.183s] -- Installing: /home/ollie/git/1HoloAssist/ollie/install/holoassist_manipulation/share/holoassist_manipulation/launch/__pycache__/click_to_plan.launch.cpython-310.pyc
[13.184s] -- Installing: /home/ollie/git/1HoloAssist/ollie/install/holoassist_manipulation/share/holoassist_manipulation/launch/click_to_plan.launch.py
[13.184s] -- Installing: /home/ollie/git/1HoloAssist/ollie/install/holoassist_manipulation/share/ament_index/resource_index/package_run_dependencies/holoassist_manipulation
[13.184s] -- Installing: /home/ollie/git/1HoloAssist/ollie/install/holoassist_manipulation/share/ament_index/resource_index/parent_prefix_path/holoassist_manipulation
[13.184s] -- Installing: /home/ollie/git/1HoloAssist/ollie/install/holoassist_manipulation/share/holoassist_manipulation/environment/ament_prefix_path.sh
[13.184s] -- Installing: /home/ollie/git/1HoloAssist/ollie/install/holoassist_manipulation/share/holoassist_manipulation/environment/ament_prefix_path.dsv
[13.184s] -- Installing: /home/ollie/git/1HoloAssist/ollie/install/holoassist_manipulation/share/holoassist_manipulation/environment/path.sh
[13.184s] -- Installing: /home/ollie/git/1HoloAssist/ollie/install/holoassist_manipulation/share/holoassist_manipulation/environment/path.dsv
[13.184s] -- Installing: /home/ollie/git/1HoloAssist/ollie/install/holoassist_manipulation/share/holoassist_manipulation/local_setup.bash
[13.184s] -- Installing: /home/ollie/git/1HoloAssist/ollie/install/holoassist_manipulation/share/holoassist_manipulation/local_setup.sh
[13.184s] -- Installing: /home/ollie/git/1HoloAssist/ollie/install/holoassist_manipulation/share/holoassist_manipulation/local_setup.zsh
[13.185s] -- Installing: /home/ollie/git/1HoloAssist/ollie/install/holoassist_manipulation/share/holoassist_manipulation/local_setup.dsv
[13.185s] -- Installing: /home/ollie/git/1HoloAssist/ollie/install/holoassist_manipulation/share/holoassist_manipulation/package.dsv
[13.185s] -- Installing: /home/ollie/git/1HoloAssist/ollie/install/holoassist_manipulation/share/ament_index/resource_index/packages/holoassist_manipulation
[13.185s] -- Installing: /home/ollie/git/1HoloAssist/ollie/install/holoassist_manipulation/share/holoassist_manipulation/cmake/holoassist_manipulationConfig.cmake
[13.185s] -- Installing: /home/ollie/git/1HoloAssist/ollie/install/holoassist_manipulation/share/holoassist_manipulation/cmake/holoassist_manipulationConfig-version.cmake
[13.185s] -- Installing: /home/ollie/git/1HoloAssist/ollie/install/holoassist_manipulation/share/holoassist_manipulation/package.xml
[13.187s] Invoked command in '/home/ollie/git/1HoloAssist/ollie/build/holoassist_manipulation' returned '0': CMAKE_PREFIX_PATH=/opt/ros/humble:/home/ollie/git/1HoloAssist/ollie/install/holoassist_movement /usr/bin/cmake --install /home/ollie/git/1HoloAssist/ollie/build/holoassist_manipulation
