[0.407s] Invoking command in '/home/ollie/git/1HoloAssist/ollie/ros2_ws/src/holoassist_servo_tools': PYTHONPATH=/home/ollie/git/1HoloAssist/ollie/ros2_ws/build/holoassist_servo_tools/prefix_override:/usr/lib/python3/dist-packages/colcon_core/task/python/colcon_distutils_commands:/home/ollie/git/1HoloAssist/ollie/ros2_ws/install/holoassist_servo_tools/lib/python3.10/site-packages:${PYTHONPATH} /usr/bin/python3 -W ignore:setup.py install is deprecated -W ignore:easy_install command is deprecated setup.py egg_info --egg-base ../../build/holoassist_servo_tools build --build-base /home/ollie/git/1HoloAssist/ollie/ros2_ws/build/holoassist_servo_tools/build install --record /home/ollie/git/1HoloAssist/ollie/ros2_ws/build/holoassist_servo_tools/install.log --single-version-externally-managed install_data
[0.544s] running egg_info
[0.545s] creating ../../build/holoassist_servo_tools/holoassist_servo_tools.egg-info
[0.545s] writing ../../build/holoassist_servo_tools/holoassist_servo_tools.egg-info/PKG-INFO
[0.545s] writing dependency_links to ../../build/holoassist_servo_tools/holoassist_servo_tools.egg-info/dependency_links.txt
[0.545s] writing entry points to ../../build/holoassist_servo_tools/holoassist_servo_tools.egg-info/entry_points.txt
[0.545s] writing requirements to ../../build/holoassist_servo_tools/holoassist_servo_tools.egg-info/requires.txt
[0.545s] writing top-level names to ../../build/holoassist_servo_tools/holoassist_servo_tools.egg-info/top_level.txt
[0.545s] writing manifest file '../../build/holoassist_servo_tools/holoassist_servo_tools.egg-info/SOURCES.txt'
[0.546s] reading manifest file '../../build/holoassist_servo_tools/holoassist_servo_tools.egg-info/SOURCES.txt'
[0.547s] writing manifest file '../../build/holoassist_servo_tools/holoassist_servo_tools.egg-info/SOURCES.txt'
[0.547s] running build
[0.547s] running build_py
[0.547s] creating /home/ollie/git/1HoloAssist/ollie/ros2_ws/build/holoassist_servo_tools/build
[0.547s] creating /home/ollie/git/1HoloAssist/ollie/ros2_ws/build/holoassist_servo_tools/build/lib
[0.547s] creating /home/ollie/git/1HoloAssist/ollie/ros2_ws/build/holoassist_servo_tools/build/lib/holoassist_servo_tools
[0.547s] copying holoassist_servo_tools/pose_to_twist_servo.py -> /home/ollie/git/1HoloAssist/ollie/ros2_ws/build/holoassist_servo_tools/build/lib/holoassist_servo_tools
[0.547s] copying holoassist_servo_tools/__init__.py -> /home/ollie/git/1HoloAssist/ollie/ros2_ws/build/holoassist_servo_tools/build/lib/holoassist_servo_tools
[0.547s] running install
[0.547s] running install_lib
[0.548s] creating /home/ollie/git/1HoloAssist/ollie/ros2_ws/install/holoassist_servo_tools/lib/python3.10/site-packages/holoassist_servo_tools
[0.548s] copying /home/ollie/git/1HoloAssist/ollie/ros2_ws/build/holoassist_servo_tools/build/lib/holoassist_servo_tools/pose_to_twist_servo.py -> /home/ollie/git/1HoloAssist/ollie/ros2_ws/install/holoassist_servo_tools/lib/python3.10/site-packages/holoassist_servo_tools
[0.548s] copying /home/ollie/git/1HoloAssist/ollie/ros2_ws/build/holoassist_servo_tools/build/lib/holoassist_servo_tools/__init__.py -> /home/ollie/git/1HoloAssist/ollie/ros2_ws/install/holoassist_servo_tools/lib/python3.10/site-packages/holoassist_servo_tools
[0.548s] byte-compiling /home/ollie/git/1HoloAssist/ollie/ros2_ws/install/holoassist_servo_tools/lib/python3.10/site-packages/holoassist_servo_tools/pose_to_twist_servo.py to pose_to_twist_servo.cpython-310.pyc
[0.548s] byte-compiling /home/ollie/git/1HoloAssist/ollie/ros2_ws/install/holoassist_servo_tools/lib/python3.10/site-packages/holoassist_servo_tools/__init__.py to __init__.cpython-310.pyc
[0.549s] running install_data
[0.549s] creating /home/ollie/git/1HoloAssist/ollie/ros2_ws/install/holoassist_servo_tools/share/ament_index
[0.549s] creating /home/ollie/git/1HoloAssist/ollie/ros2_ws/install/holoassist_servo_tools/share/ament_index/resource_index
[0.549s] creating /home/ollie/git/1HoloAssist/ollie/ros2_ws/install/holoassist_servo_tools/share/ament_index/resource_index/packages
[0.549s] copying resource/holoassist_servo_tools -> /home/ollie/git/1HoloAssist/ollie/ros2_ws/install/holoassist_servo_tools/share/ament_index/resource_index/packages
[0.549s] copying package.xml -> /home/ollie/git/1HoloAssist/ollie/ros2_ws/install/holoassist_servo_tools/share/holoassist_servo_tools
[0.549s] creating /home/ollie/git/1HoloAssist/ollie/ros2_ws/install/holoassist_servo_tools/share/holoassist_servo_tools/launch
[0.549s] copying launch/pose_to_twist_servo.launch.py -> /home/ollie/git/1HoloAssist/ollie/ros2_ws/install/holoassist_servo_tools/share/holoassist_servo_tools/launch
[0.549s] running install_egg_info
[0.550s] Copying ../../build/holoassist_servo_tools/holoassist_servo_tools.egg-info to /home/ollie/git/1HoloAssist/ollie/ros2_ws/install/holoassist_servo_tools/lib/python3.10/site-packages/holoassist_servo_tools-0.0.0-py3.10.egg-info
[0.550s] running install_scripts
[0.562s] Installing pose_to_twist_servo script to /home/ollie/git/1HoloAssist/ollie/ros2_ws/install/holoassist_servo_tools/lib/holoassist_servo_tools
[0.562s] writing list of installed files to '/home/ollie/git/1HoloAssist/ollie/ros2_ws/build/holoassist_servo_tools/install.log'
[0.576s] Invoked command in '/home/ollie/git/1HoloAssist/ollie/ros2_ws/src/holoassist_servo_tools' returned '0': PYTHONPATH=/home/ollie/git/1HoloAssist/ollie/ros2_ws/build/holoassist_servo_tools/prefix_override:/usr/lib/python3/dist-packages/colcon_core/task/python/colcon_distutils_commands:/home/ollie/git/1HoloAssist/ollie/ros2_ws/install/holoassist_servo_tools/lib/python3.10/site-packages:${PYTHONPATH} /usr/bin/python3 -W ignore:setup.py install is deprecated -W ignore:easy_install command is deprecated setup.py egg_info --egg-base ../../build/holoassist_servo_tools build --build-base /home/ollie/git/1HoloAssist/ollie/ros2_ws/build/holoassist_servo_tools/build install --record /home/ollie/git/1HoloAssist/ollie/ros2_ws/build/holoassist_servo_tools/install.log --single-version-externally-managed install_data
