[0.776s] Invoking command in '/home/ollie/git/1HoloAssist/ollie/ros2_ws/src/holoassist_movement': PYTHONPATH=/home/ollie/git/1HoloAssist/ollie/build/holoassist_movement/prefix_override:/usr/lib/python3/dist-packages/colcon_core/task/python/colcon_distutils_commands:/home/ollie/git/1HoloAssist/ollie/install/holoassist_movement/lib/python3.10/site-packages:${PYTHONPATH} /usr/bin/python3 -W ignore:setup.py install is deprecated -W ignore:easy_install command is deprecated setup.py egg_info --egg-base ../../../build/holoassist_movement build --build-base /home/ollie/git/1HoloAssist/ollie/build/holoassist_movement/build install --record /home/ollie/git/1HoloAssist/ollie/build/holoassist_movement/install.log --single-version-externally-managed install_data
[1.019s] running egg_info
[1.019s] writing ../../../build/holoassist_movement/holoassist_movement.egg-info/PKG-INFO
[1.019s] writing dependency_links to ../../../build/holoassist_movement/holoassist_movement.egg-info/dependency_links.txt
[1.020s] writing entry points to ../../../build/holoassist_movement/holoassist_movement.egg-info/entry_points.txt
[1.021s] writing requirements to ../../../build/holoassist_movement/holoassist_movement.egg-info/requires.txt
[1.021s] writing top-level names to ../../../build/holoassist_movement/holoassist_movement.egg-info/top_level.txt
[1.023s] reading manifest file '../../../build/holoassist_movement/holoassist_movement.egg-info/SOURCES.txt'
[1.024s] writing manifest file '../../../build/holoassist_movement/holoassist_movement.egg-info/SOURCES.txt'
[1.024s] running build
[1.024s] running build_py
[1.024s] copying holoassist_movement/robot_state.py -> /home/ollie/git/1HoloAssist/ollie/build/holoassist_movement/build/lib/holoassist_movement
[1.024s] copying holoassist_movement/robot_demo_control.py -> /home/ollie/git/1HoloAssist/ollie/build/holoassist_movement/build/lib/holoassist_movement
[1.025s] running install
[1.025s] running install_lib
[1.026s] copying /home/ollie/git/1HoloAssist/ollie/build/holoassist_movement/build/lib/holoassist_movement/robot_state.py -> /home/ollie/git/1HoloAssist/ollie/install/holoassist_movement/lib/python3.10/site-packages/holoassist_movement
[1.026s] copying /home/ollie/git/1HoloAssist/ollie/build/holoassist_movement/build/lib/holoassist_movement/robot_demo_control.py -> /home/ollie/git/1HoloAssist/ollie/install/holoassist_movement/lib/python3.10/site-packages/holoassist_movement
[1.026s] byte-compiling /home/ollie/git/1HoloAssist/ollie/install/holoassist_movement/lib/python3.10/site-packages/holoassist_movement/robot_state.py to robot_state.cpython-310.pyc
[1.027s] byte-compiling /home/ollie/git/1HoloAssist/ollie/install/holoassist_movement/lib/python3.10/site-packages/holoassist_movement/robot_demo_control.py to robot_demo_control.cpython-310.pyc
[1.028s] running install_data
[1.028s] running install_egg_info
[1.030s] removing '/home/ollie/git/1HoloAssist/ollie/install/holoassist_movement/lib/python3.10/site-packages/holoassist_movement-0.0.0-py3.10.egg-info' (and everything under it)
[1.030s] Copying ../../../build/holoassist_movement/holoassist_movement.egg-info to /home/ollie/git/1HoloAssist/ollie/install/holoassist_movement/lib/python3.10/site-packages/holoassist_movement-0.0.0-py3.10.egg-info
[1.031s] running install_scripts
[1.052s] Installing move_to_joints script to /home/ollie/git/1HoloAssist/ollie/install/holoassist_movement/lib/holoassist_movement
[1.052s] Installing robot_demo_control script to /home/ollie/git/1HoloAssist/ollie/install/holoassist_movement/lib/holoassist_movement
[1.052s] Installing robot_state script to /home/ollie/git/1HoloAssist/ollie/install/holoassist_movement/lib/holoassist_movement
[1.052s] writing list of installed files to '/home/ollie/git/1HoloAssist/ollie/build/holoassist_movement/install.log'
[1.077s] Invoked command in '/home/ollie/git/1HoloAssist/ollie/ros2_ws/src/holoassist_movement' returned '0': PYTHONPATH=/home/ollie/git/1HoloAssist/ollie/build/holoassist_movement/prefix_override:/usr/lib/python3/dist-packages/colcon_core/task/python/colcon_distutils_commands:/home/ollie/git/1HoloAssist/ollie/install/holoassist_movement/lib/python3.10/site-packages:${PYTHONPATH} /usr/bin/python3 -W ignore:setup.py install is deprecated -W ignore:easy_install command is deprecated setup.py egg_info --egg-base ../../../build/holoassist_movement build --build-base /home/ollie/git/1HoloAssist/ollie/build/holoassist_movement/build install --record /home/ollie/git/1HoloAssist/ollie/build/holoassist_movement/install.log --single-version-externally-managed install_data
