[0.064s] DEBUG:colcon:Command line arguments: ['/usr/bin/colcon', 'build', '--packages-select', 'holoassist_manager']
[0.064s] DEBUG:colcon:Parsed command line arguments: Namespace(log_base=None, log_level=None, verb_name='build', build_base='build', install_base='install', merge_install=False, symlink_install=False, test_result_base=None, continue_on_error=False, executor='parallel', parallel_workers=20, event_handlers=None, ignore_user_meta=False, metas=['./colcon.meta'], base_paths=['.'], packages_ignore=None, packages_ignore_regex=None, paths=None, packages_up_to=None, packages_up_to_regex=None, packages_above=None, packages_above_and_dependencies=None, packages_above_depth=None, packages_select_by_dep=None, packages_skip_by_dep=None, packages_skip_up_to=None, packages_select_build_failed=False, packages_skip_build_finished=False, packages_select_test_failures=False, packages_skip_test_passed=False, packages_select=['holoassist_manager'], packages_skip=None, packages_select_regex=None, packages_skip_regex=None, packages_start=None, packages_end=None, allow_overriding=[], cmake_args=None, cmake_target=None, cmake_target_skip_unavailable=False, cmake_clean_cache=False, cmake_clean_first=False, cmake_force_configure=False, ament_cmake_args=None, catkin_cmake_args=None, catkin_skip_building_tests=False, mixin_files=None, mixin=None, verb_parser=<colcon_mixin.mixin.mixin_argument.MixinArgumentDecorator object at 0x7581e74f5cc0>, verb_extension=<colcon_core.verb.build.BuildVerb object at 0x7581e766f3d0>, main=<bound method BuildVerb.main of <colcon_core.verb.build.BuildVerb object at 0x7581e766f3d0>>, mixin_verb=('build',))
[0.151s] Level 1:colcon.colcon_core.package_discovery:discover_packages(colcon_meta) check parameters
[0.151s] Level 1:colcon.colcon_core.package_discovery:discover_packages(recursive) check parameters
[0.151s] Level 1:colcon.colcon_core.package_discovery:discover_packages(ignore) check parameters
[0.151s] Level 1:colcon.colcon_core.package_discovery:discover_packages(path) check parameters
[0.151s] Level 1:colcon.colcon_core.package_discovery:discover_packages(colcon_meta) discover
[0.151s] Level 1:colcon.colcon_core.package_discovery:discover_packages(recursive) discover
[0.151s] INFO:colcon.colcon_core.package_discovery:Crawling recursively for packages in '/home/sebastian/git/rs2/HoloAssist/ros2_ws'
[0.151s] Level 1:colcon.colcon_core.package_identification:_identify(.) by extensions ['ignore', 'ignore_ament_install']
[0.151s] Level 1:colcon.colcon_core.package_identification:_identify(.) by extension 'ignore'
[0.151s] Level 1:colcon.colcon_core.package_identification:_identify(.) by extension 'ignore_ament_install'
[0.151s] Level 1:colcon.colcon_core.package_identification:_identify(.) by extensions ['colcon_pkg']
[0.151s] Level 1:colcon.colcon_core.package_identification:_identify(.) by extension 'colcon_pkg'
[0.151s] Level 1:colcon.colcon_core.package_identification:_identify(.) by extensions ['colcon_meta']
[0.151s] Level 1:colcon.colcon_core.package_identification:_identify(.) by extension 'colcon_meta'
[0.151s] Level 1:colcon.colcon_core.package_identification:_identify(.) by extensions ['ros']
[0.151s] Level 1:colcon.colcon_core.package_identification:_identify(.) by extension 'ros'
[0.158s] Level 1:colcon.colcon_core.package_identification:_identify(.) by extensions ['cmake', 'python']
[0.158s] Level 1:colcon.colcon_core.package_identification:_identify(.) by extension 'cmake'
[0.158s] Level 1:colcon.colcon_core.package_identification:_identify(.) by extension 'python'
[0.158s] Level 1:colcon.colcon_core.package_identification:_identify(.) by extensions ['python_setup_py']
[0.158s] Level 1:colcon.colcon_core.package_identification:_identify(.) by extension 'python_setup_py'
[0.158s] Level 1:colcon.colcon_core.package_identification:_identify(build) by extensions ['ignore', 'ignore_ament_install']
[0.158s] Level 1:colcon.colcon_core.package_identification:_identify(build) by extension 'ignore'
[0.158s] Level 1:colcon.colcon_core.package_identification:_identify(build) ignored
[0.158s] Level 1:colcon.colcon_core.package_identification:_identify(install) by extensions ['ignore', 'ignore_ament_install']
[0.158s] Level 1:colcon.colcon_core.package_identification:_identify(install) by extension 'ignore'
[0.158s] Level 1:colcon.colcon_core.package_identification:_identify(install) ignored
[0.158s] Level 1:colcon.colcon_core.package_identification:_identify(log) by extensions ['ignore', 'ignore_ament_install']
[0.158s] Level 1:colcon.colcon_core.package_identification:_identify(log) by extension 'ignore'
[0.158s] Level 1:colcon.colcon_core.package_identification:_identify(log) ignored
[0.158s] Level 1:colcon.colcon_core.package_identification:_identify(src) by extensions ['ignore', 'ignore_ament_install']
[0.158s] Level 1:colcon.colcon_core.package_identification:_identify(src) by extension 'ignore'
[0.158s] Level 1:colcon.colcon_core.package_identification:_identify(src) by extension 'ignore_ament_install'
[0.158s] Level 1:colcon.colcon_core.package_identification:_identify(src) by extensions ['colcon_pkg']
[0.158s] Level 1:colcon.colcon_core.package_identification:_identify(src) by extension 'colcon_pkg'
[0.158s] Level 1:colcon.colcon_core.package_identification:_identify(src) by extensions ['colcon_meta']
[0.158s] Level 1:colcon.colcon_core.package_identification:_identify(src) by extension 'colcon_meta'
[0.158s] Level 1:colcon.colcon_core.package_identification:_identify(src) by extensions ['ros']
[0.158s] Level 1:colcon.colcon_core.package_identification:_identify(src) by extension 'ros'
[0.158s] Level 1:colcon.colcon_core.package_identification:_identify(src) by extensions ['cmake', 'python']
[0.158s] Level 1:colcon.colcon_core.package_identification:_identify(src) by extension 'cmake'
[0.158s] Level 1:colcon.colcon_core.package_identification:_identify(src) by extension 'python'
[0.158s] Level 1:colcon.colcon_core.package_identification:_identify(src) by extensions ['python_setup_py']
[0.158s] Level 1:colcon.colcon_core.package_identification:_identify(src) by extension 'python_setup_py'
[0.158s] Level 1:colcon.colcon_core.package_identification:_identify(src/holoassist_manager) by extensions ['ignore', 'ignore_ament_install']
[0.158s] Level 1:colcon.colcon_core.package_identification:_identify(src/holoassist_manager) by extension 'ignore'
[0.158s] Level 1:colcon.colcon_core.package_identification:_identify(src/holoassist_manager) by extension 'ignore_ament_install'
[0.158s] Level 1:colcon.colcon_core.package_identification:_identify(src/holoassist_manager) by extensions ['colcon_pkg']
[0.158s] Level 1:colcon.colcon_core.package_identification:_identify(src/holoassist_manager) by extension 'colcon_pkg'
[0.158s] Level 1:colcon.colcon_core.package_identification:_identify(src/holoassist_manager) by extensions ['colcon_meta']
[0.158s] Level 1:colcon.colcon_core.package_identification:_identify(src/holoassist_manager) by extension 'colcon_meta'
[0.159s] Level 1:colcon.colcon_core.package_identification:_identify(src/holoassist_manager) by extensions ['ros']
[0.159s] Level 1:colcon.colcon_core.package_identification:_identify(src/holoassist_manager) by extension 'ros'
[0.160s] DEBUG:colcon.colcon_core.package_identification:Package 'src/holoassist_manager' with type 'ros.ament_cmake' and name 'holoassist_manager'
[0.160s] Level 1:colcon.colcon_core.package_discovery:discover_packages(recursive) using defaults
[0.160s] Level 1:colcon.colcon_core.package_discovery:discover_packages(ignore) discover
[0.160s] Level 1:colcon.colcon_core.package_discovery:discover_packages(ignore) using defaults
[0.160s] Level 1:colcon.colcon_core.package_discovery:discover_packages(path) discover
[0.160s] Level 1:colcon.colcon_core.package_discovery:discover_packages(path) using defaults
[0.177s] Level 1:colcon.colcon_core.package_discovery:discover_packages(prefix_path) check parameters
[0.177s] Level 1:colcon.colcon_core.package_discovery:discover_packages(prefix_path) discover
[0.180s] DEBUG:colcon.colcon_installed_package_information.package_discovery:Found 348 installed packages in /opt/ros/humble
[0.182s] Level 1:colcon.colcon_core.package_discovery:discover_packages(prefix_path) using defaults
[0.205s] Level 5:colcon.colcon_core.verb:set package 'holoassist_manager' build argument 'cmake_args' from command line to 'None'
[0.205s] Level 5:colcon.colcon_core.verb:set package 'holoassist_manager' build argument 'cmake_target' from command line to 'None'
[0.205s] Level 5:colcon.colcon_core.verb:set package 'holoassist_manager' build argument 'cmake_target_skip_unavailable' from command line to 'False'
[0.205s] Level 5:colcon.colcon_core.verb:set package 'holoassist_manager' build argument 'cmake_clean_cache' from command line to 'False'
[0.205s] Level 5:colcon.colcon_core.verb:set package 'holoassist_manager' build argument 'cmake_clean_first' from command line to 'False'
[0.205s] Level 5:colcon.colcon_core.verb:set package 'holoassist_manager' build argument 'cmake_force_configure' from command line to 'False'
[0.205s] Level 5:colcon.colcon_core.verb:set package 'holoassist_manager' build argument 'ament_cmake_args' from command line to 'None'
[0.205s] Level 5:colcon.colcon_core.verb:set package 'holoassist_manager' build argument 'catkin_cmake_args' from command line to 'None'
[0.205s] Level 5:colcon.colcon_core.verb:set package 'holoassist_manager' build argument 'catkin_skip_building_tests' from command line to 'False'
[0.205s] DEBUG:colcon.colcon_core.verb:Building package 'holoassist_manager' with the following arguments: {'ament_cmake_args': None, 'build_base': '/home/sebastian/git/rs2/HoloAssist/ros2_ws/build/holoassist_manager', 'catkin_cmake_args': None, 'catkin_skip_building_tests': False, 'cmake_args': None, 'cmake_clean_cache': False, 'cmake_clean_first': False, 'cmake_force_configure': False, 'cmake_target': None, 'cmake_target_skip_unavailable': False, 'install_base': '/home/sebastian/git/rs2/HoloAssist/ros2_ws/install/holoassist_manager', 'merge_install': False, 'path': '/home/sebastian/git/rs2/HoloAssist/ros2_ws/src/holoassist_manager', 'symlink_install': False, 'test_result_base': None}
[0.205s] INFO:colcon.colcon_core.executor:Executing jobs using 'parallel' executor
[0.206s] DEBUG:colcon.colcon_parallel_executor.executor.parallel:run_until_complete
[0.206s] INFO:colcon.colcon_ros.task.ament_cmake.build:Building ROS package in '/home/sebastian/git/rs2/HoloAssist/ros2_ws/src/holoassist_manager' with build type 'ament_cmake'
[0.206s] INFO:colcon.colcon_cmake.task.cmake.build:Building CMake package in '/home/sebastian/git/rs2/HoloAssist/ros2_ws/src/holoassist_manager'
[0.208s] INFO:colcon.colcon_core.plugin_system:Skipping extension 'colcon_core.shell.bat': Not used on non-Windows systems
[0.208s] INFO:colcon.colcon_core.shell:Skip shell extension 'powershell' for command environment: Not usable outside of PowerShell
[0.208s] DEBUG:colcon.colcon_core.shell:Skip shell extension 'dsv' for command environment
[0.215s] DEBUG:colcon.colcon_core.event_handler.log_command:Invoking command in '/home/sebastian/git/rs2/HoloAssist/ros2_ws/build/holoassist_manager': CMAKE_PREFIX_PATH=/opt/ros/humble /usr/bin/cmake /home/sebastian/git/rs2/HoloAssist/ros2_ws/src/holoassist_manager -DCMAKE_INSTALL_PREFIX=/home/sebastian/git/rs2/HoloAssist/ros2_ws/install/holoassist_manager
[1.125s] DEBUG:colcon.colcon_core.event_handler.log_command:Invoked command in '/home/sebastian/git/rs2/HoloAssist/ros2_ws/build/holoassist_manager' returned '0': CMAKE_PREFIX_PATH=/opt/ros/humble /usr/bin/cmake /home/sebastian/git/rs2/HoloAssist/ros2_ws/src/holoassist_manager -DCMAKE_INSTALL_PREFIX=/home/sebastian/git/rs2/HoloAssist/ros2_ws/install/holoassist_manager
[1.127s] DEBUG:colcon.colcon_core.event_handler.log_command:Invoking command in '/home/sebastian/git/rs2/HoloAssist/ros2_ws/build/holoassist_manager': CMAKE_PREFIX_PATH=/opt/ros/humble /usr/bin/cmake --build /home/sebastian/git/rs2/HoloAssist/ros2_ws/build/holoassist_manager -- -j20 -l20
[6.719s] DEBUG:colcon.colcon_core.event_handler.log_command:Invoked command in '/home/sebastian/git/rs2/HoloAssist/ros2_ws/build/holoassist_manager' returned '0': CMAKE_PREFIX_PATH=/opt/ros/humble /usr/bin/cmake --build /home/sebastian/git/rs2/HoloAssist/ros2_ws/build/holoassist_manager -- -j20 -l20
[6.726s] DEBUG:colcon.colcon_core.event_handler.log_command:Invoking command in '/home/sebastian/git/rs2/HoloAssist/ros2_ws/build/holoassist_manager': CMAKE_PREFIX_PATH=/opt/ros/humble /usr/bin/cmake --install /home/sebastian/git/rs2/HoloAssist/ros2_ws/build/holoassist_manager
[6.738s] Level 1:colcon.colcon_core.environment:create_environment_scripts_only(holoassist_manager)
[6.738s] DEBUG:colcon.colcon_core.event_handler.log_command:Invoked command in '/home/sebastian/git/rs2/HoloAssist/ros2_ws/build/holoassist_manager' returned '0': CMAKE_PREFIX_PATH=/opt/ros/humble /usr/bin/cmake --install /home/sebastian/git/rs2/HoloAssist/ros2_ws/build/holoassist_manager
[6.740s] Level 1:colcon.colcon_core.environment:checking '/home/sebastian/git/rs2/HoloAssist/ros2_ws/install/holoassist_manager' for CMake module files
[6.740s] Level 1:colcon.colcon_core.environment:checking '/home/sebastian/git/rs2/HoloAssist/ros2_ws/install/holoassist_manager' for CMake config files
[6.741s] Level 1:colcon.colcon_core.shell:create_environment_hook('holoassist_manager', 'cmake_prefix_path')
[6.741s] INFO:colcon.colcon_core.shell:Creating environment hook '/home/sebastian/git/rs2/HoloAssist/ros2_ws/install/holoassist_manager/share/holoassist_manager/hook/cmake_prefix_path.ps1'
[6.741s] INFO:colcon.colcon_core.shell:Creating environment descriptor '/home/sebastian/git/rs2/HoloAssist/ros2_ws/install/holoassist_manager/share/holoassist_manager/hook/cmake_prefix_path.dsv'
[6.742s] INFO:colcon.colcon_core.shell:Creating environment hook '/home/sebastian/git/rs2/HoloAssist/ros2_ws/install/holoassist_manager/share/holoassist_manager/hook/cmake_prefix_path.sh'
[6.742s] Level 1:colcon.colcon_core.environment:checking '/home/sebastian/git/rs2/HoloAssist/ros2_ws/install/holoassist_manager/lib'
[6.742s] Level 1:colcon.colcon_core.environment:checking '/home/sebastian/git/rs2/HoloAssist/ros2_ws/install/holoassist_manager/bin'
[6.742s] Level 1:colcon.colcon_core.environment:checking '/home/sebastian/git/rs2/HoloAssist/ros2_ws/install/holoassist_manager/lib/pkgconfig/holoassist_manager.pc'
[6.742s] Level 1:colcon.colcon_core.environment:checking '/home/sebastian/git/rs2/HoloAssist/ros2_ws/install/holoassist_manager/lib/python3.10/site-packages'
[6.742s] Level 1:colcon.colcon_core.shell:create_environment_hook('holoassist_manager', 'pythonpath')
[6.743s] INFO:colcon.colcon_core.shell:Creating environment hook '/home/sebastian/git/rs2/HoloAssist/ros2_ws/install/holoassist_manager/share/holoassist_manager/hook/pythonpath.ps1'
[6.743s] INFO:colcon.colcon_core.shell:Creating environment descriptor '/home/sebastian/git/rs2/HoloAssist/ros2_ws/install/holoassist_manager/share/holoassist_manager/hook/pythonpath.dsv'
[6.743s] INFO:colcon.colcon_core.shell:Creating environment hook '/home/sebastian/git/rs2/HoloAssist/ros2_ws/install/holoassist_manager/share/holoassist_manager/hook/pythonpath.sh'
[6.744s] Level 1:colcon.colcon_core.environment:checking '/home/sebastian/git/rs2/HoloAssist/ros2_ws/install/holoassist_manager/bin'
[6.744s] INFO:colcon.colcon_core.shell:Creating package script '/home/sebastian/git/rs2/HoloAssist/ros2_ws/install/holoassist_manager/share/holoassist_manager/package.ps1'
[6.745s] INFO:colcon.colcon_core.shell:Creating package descriptor '/home/sebastian/git/rs2/HoloAssist/ros2_ws/install/holoassist_manager/share/holoassist_manager/package.dsv'
[6.745s] INFO:colcon.colcon_core.shell:Creating package script '/home/sebastian/git/rs2/HoloAssist/ros2_ws/install/holoassist_manager/share/holoassist_manager/package.sh'
[6.746s] INFO:colcon.colcon_core.shell:Creating package script '/home/sebastian/git/rs2/HoloAssist/ros2_ws/install/holoassist_manager/share/holoassist_manager/package.bash'
[6.746s] INFO:colcon.colcon_core.shell:Creating package script '/home/sebastian/git/rs2/HoloAssist/ros2_ws/install/holoassist_manager/share/holoassist_manager/package.zsh'
[6.747s] Level 1:colcon.colcon_core.environment:create_file_with_runtime_dependencies(/home/sebastian/git/rs2/HoloAssist/ros2_ws/install/holoassist_manager/share/colcon-core/packages/holoassist_manager)
[6.747s] Level 1:colcon.colcon_core.environment:create_environment_scripts_only(holoassist_manager)
[6.748s] Level 1:colcon.colcon_core.environment:checking '/home/sebastian/git/rs2/HoloAssist/ros2_ws/install/holoassist_manager' for CMake module files
[6.748s] Level 1:colcon.colcon_core.environment:checking '/home/sebastian/git/rs2/HoloAssist/ros2_ws/install/holoassist_manager' for CMake config files
[6.748s] Level 1:colcon.colcon_core.shell:create_environment_hook('holoassist_manager', 'cmake_prefix_path')
[6.748s] INFO:colcon.colcon_core.shell:Creating environment hook '/home/sebastian/git/rs2/HoloAssist/ros2_ws/install/holoassist_manager/share/holoassist_manager/hook/cmake_prefix_path.ps1'
[6.748s] INFO:colcon.colcon_core.shell:Creating environment descriptor '/home/sebastian/git/rs2/HoloAssist/ros2_ws/install/holoassist_manager/share/holoassist_manager/hook/cmake_prefix_path.dsv'
[6.748s] INFO:colcon.colcon_core.shell:Creating environment hook '/home/sebastian/git/rs2/HoloAssist/ros2_ws/install/holoassist_manager/share/holoassist_manager/hook/cmake_prefix_path.sh'
[6.749s] Level 1:colcon.colcon_core.environment:checking '/home/sebastian/git/rs2/HoloAssist/ros2_ws/install/holoassist_manager/lib'
[6.749s] Level 1:colcon.colcon_core.environment:checking '/home/sebastian/git/rs2/HoloAssist/ros2_ws/install/holoassist_manager/bin'
[6.749s] Level 1:colcon.colcon_core.environment:checking '/home/sebastian/git/rs2/HoloAssist/ros2_ws/install/holoassist_manager/lib/pkgconfig/holoassist_manager.pc'
[6.749s] Level 1:colcon.colcon_core.environment:checking '/home/sebastian/git/rs2/HoloAssist/ros2_ws/install/holoassist_manager/lib/python3.10/site-packages'
[6.749s] Level 1:colcon.colcon_core.shell:create_environment_hook('holoassist_manager', 'pythonpath')
[6.749s] INFO:colcon.colcon_core.shell:Creating environment hook '/home/sebastian/git/rs2/HoloAssist/ros2_ws/install/holoassist_manager/share/holoassist_manager/hook/pythonpath.ps1'
[6.749s] INFO:colcon.colcon_core.shell:Creating environment descriptor '/home/sebastian/git/rs2/HoloAssist/ros2_ws/install/holoassist_manager/share/holoassist_manager/hook/pythonpath.dsv'
[6.749s] INFO:colcon.colcon_core.shell:Creating environment hook '/home/sebastian/git/rs2/HoloAssist/ros2_ws/install/holoassist_manager/share/holoassist_manager/hook/pythonpath.sh'
[6.750s] Level 1:colcon.colcon_core.environment:checking '/home/sebastian/git/rs2/HoloAssist/ros2_ws/install/holoassist_manager/bin'
[6.750s] INFO:colcon.colcon_core.shell:Creating package script '/home/sebastian/git/rs2/HoloAssist/ros2_ws/install/holoassist_manager/share/holoassist_manager/package.ps1'
[6.750s] INFO:colcon.colcon_core.shell:Creating package descriptor '/home/sebastian/git/rs2/HoloAssist/ros2_ws/install/holoassist_manager/share/holoassist_manager/package.dsv'
[6.751s] INFO:colcon.colcon_core.shell:Creating package script '/home/sebastian/git/rs2/HoloAssist/ros2_ws/install/holoassist_manager/share/holoassist_manager/package.sh'
[6.751s] INFO:colcon.colcon_core.shell:Creating package script '/home/sebastian/git/rs2/HoloAssist/ros2_ws/install/holoassist_manager/share/holoassist_manager/package.bash'
[6.751s] INFO:colcon.colcon_core.shell:Creating package script '/home/sebastian/git/rs2/HoloAssist/ros2_ws/install/holoassist_manager/share/holoassist_manager/package.zsh'
[6.751s] Level 1:colcon.colcon_core.environment:create_file_with_runtime_dependencies(/home/sebastian/git/rs2/HoloAssist/ros2_ws/install/holoassist_manager/share/colcon-core/packages/holoassist_manager)
[6.751s] DEBUG:colcon.colcon_parallel_executor.executor.parallel:closing loop
[6.751s] DEBUG:colcon.colcon_parallel_executor.executor.parallel:loop closed
[6.752s] DEBUG:colcon.colcon_parallel_executor.executor.parallel:run_until_complete finished with '0'
[6.752s] DEBUG:colcon.colcon_core.event_reactor:joining thread
[6.756s] INFO:colcon.colcon_core.plugin_system:Skipping extension 'colcon_notification.desktop_notification.terminal_notifier': Not used on non-Darwin systems
[6.756s] INFO:colcon.colcon_core.plugin_system:Skipping extension 'colcon_notification.desktop_notification.win32': Not used on non-Windows systems
[6.756s] INFO:colcon.colcon_notification.desktop_notification:Sending desktop notification using 'notify2'
[6.764s] DEBUG:colcon.colcon_core.event_reactor:joined thread
[6.764s] INFO:colcon.colcon_core.shell:Creating prefix script '/home/sebastian/git/rs2/HoloAssist/ros2_ws/install/local_setup.ps1'
[6.765s] INFO:colcon.colcon_core.shell:Creating prefix util module '/home/sebastian/git/rs2/HoloAssist/ros2_ws/install/_local_setup_util_ps1.py'
[6.766s] INFO:colcon.colcon_core.shell:Creating prefix chain script '/home/sebastian/git/rs2/HoloAssist/ros2_ws/install/setup.ps1'
[6.767s] INFO:colcon.colcon_core.shell:Creating prefix script '/home/sebastian/git/rs2/HoloAssist/ros2_ws/install/local_setup.sh'
[6.768s] INFO:colcon.colcon_core.shell:Creating prefix util module '/home/sebastian/git/rs2/HoloAssist/ros2_ws/install/_local_setup_util_sh.py'
[6.768s] INFO:colcon.colcon_core.shell:Creating prefix chain script '/home/sebastian/git/rs2/HoloAssist/ros2_ws/install/setup.sh'
[6.769s] INFO:colcon.colcon_core.shell:Creating prefix script '/home/sebastian/git/rs2/HoloAssist/ros2_ws/install/local_setup.bash'
[6.769s] INFO:colcon.colcon_core.shell:Creating prefix chain script '/home/sebastian/git/rs2/HoloAssist/ros2_ws/install/setup.bash'
[6.770s] INFO:colcon.colcon_core.shell:Creating prefix script '/home/sebastian/git/rs2/HoloAssist/ros2_ws/install/local_setup.zsh'
[6.771s] INFO:colcon.colcon_core.shell:Creating prefix chain script '/home/sebastian/git/rs2/HoloAssist/ros2_ws/install/setup.zsh'
