[0.785s] Invoking command in '/home/ollie/git/1HoloAssist/ollie/ros2_ws/src/holoassist_servo_tools': PYTHONPATH=/home/ollie/git/1HoloAssist/ollie/build/holoassist_servo_tools/prefix_override:/usr/lib/python3/dist-packages/colcon_core/task/python/colcon_distutils_commands:/home/ollie/git/1HoloAssist/ollie/install/holoassist_servo_tools/lib/python3.10/site-packages:${PYTHONPATH} /usr/bin/python3 -W ignore:setup.py install is deprecated -W ignore:easy_install command is deprecated setup.py egg_info --egg-base ../../../build/holoassist_servo_tools build --build-base /home/ollie/git/1HoloAssist/ollie/build/holoassist_servo_tools/build install --record /home/ollie/git/1HoloAssist/ollie/build/holoassist_servo_tools/install.log --single-version-externally-managed install_data
[1.039s] running egg_info
[1.040s] creating ../../../build/holoassist_servo_tools/holoassist_servo_tools.egg-info
[1.040s] writing ../../../build/holoassist_servo_tools/holoassist_servo_tools.egg-info/PKG-INFO
[1.040s] writing dependency_links to ../../../build/holoassist_servo_tools/holoassist_servo_tools.egg-info/dependency_links.txt
[1.040s] writing entry points to ../../../build/holoassist_servo_tools/holoassist_servo_tools.egg-info/entry_points.txt
[1.040s] writing requirements to ../../../build/holoassist_servo_tools/holoassist_servo_tools.egg-info/requires.txt
[1.040s] writing top-level names to ../../../build/holoassist_servo_tools/holoassist_servo_tools.egg-info/top_level.txt
[1.040s] writing manifest file '../../../build/holoassist_servo_tools/holoassist_servo_tools.egg-info/SOURCES.txt'
[1.043s] reading manifest file '../../../build/holoassist_servo_tools/holoassist_servo_tools.egg-info/SOURCES.txt'
[1.043s] writing manifest file '../../../build/holoassist_servo_tools/holoassist_servo_tools.egg-info/SOURCES.txt'
[1.043s] running build
[1.043s] running build_py
[1.043s] creating /home/ollie/git/1HoloAssist/ollie/build/holoassist_servo_tools/build
[1.044s] creating /home/ollie/git/1HoloAssist/ollie/build/holoassist_servo_tools/build/lib
[1.044s] creating /home/ollie/git/1HoloAssist/ollie/build/holoassist_servo_tools/build/lib/holoassist_servo_tools
[1.044s] copying holoassist_servo_tools/pose_to_twist_servo.py -> /home/ollie/git/1HoloAssist/ollie/build/holoassist_servo_tools/build/lib/holoassist_servo_tools
[1.044s] copying holoassist_servo_tools/__init__.py -> /home/ollie/git/1HoloAssist/ollie/build/holoassist_servo_tools/build/lib/holoassist_servo_tools
[1.044s] running install
[1.044s] running install_lib
[1.045s] creating /home/ollie/git/1HoloAssist/ollie/install/holoassist_servo_tools/lib/python3.10/site-packages/holoassist_servo_tools
[1.045s] copying /home/ollie/git/1HoloAssist/ollie/build/holoassist_servo_tools/build/lib/holoassist_servo_tools/pose_to_twist_servo.py -> /home/ollie/git/1HoloAssist/ollie/install/holoassist_servo_tools/lib/python3.10/site-packages/holoassist_servo_tools
[1.045s] copying /home/ollie/git/1HoloAssist/ollie/build/holoassist_servo_tools/build/lib/holoassist_servo_tools/__init__.py -> /home/ollie/git/1HoloAssist/ollie/install/holoassist_servo_tools/lib/python3.10/site-packages/holoassist_servo_tools
[1.045s] byte-compiling /home/ollie/git/1HoloAssist/ollie/install/holoassist_servo_tools/lib/python3.10/site-packages/holoassist_servo_tools/pose_to_twist_servo.py to pose_to_twist_servo.cpython-310.pyc
[1.046s] byte-compiling /home/ollie/git/1HoloAssist/ollie/install/holoassist_servo_tools/lib/python3.10/site-packages/holoassist_servo_tools/__init__.py to __init__.cpython-310.pyc
[1.046s] running install_data
[1.046s] creating /home/ollie/git/1HoloAssist/ollie/install/holoassist_servo_tools/share/ament_index
[1.046s] creating /home/ollie/git/1HoloAssist/ollie/install/holoassist_servo_tools/share/ament_index/resource_index
[1.046s] creating /home/ollie/git/1HoloAssist/ollie/install/holoassist_servo_tools/share/ament_index/resource_index/packages
[1.046s] copying resource/holoassist_servo_tools -> /home/ollie/git/1HoloAssist/ollie/install/holoassist_servo_tools/share/ament_index/resource_index/packages
[1.046s] copying package.xml -> /home/ollie/git/1HoloAssist/ollie/install/holoassist_servo_tools/share/holoassist_servo_tools
[1.046s] creating /home/ollie/git/1HoloAssist/ollie/install/holoassist_servo_tools/share/holoassist_servo_tools/launch
[1.046s] copying launch/pose_to_twist_servo.launch.py -> /home/ollie/git/1HoloAssist/ollie/install/holoassist_servo_tools/share/holoassist_servo_tools/launch
[1.047s] running install_egg_info
[1.048s] Copying ../../../build/holoassist_servo_tools/holoassist_servo_tools.egg-info to /home/ollie/git/1HoloAssist/ollie/install/holoassist_servo_tools/lib/python3.10/site-packages/holoassist_servo_tools-0.0.0-py3.10.egg-info
[1.048s] running install_scripts
[1.067s] Installing pose_to_twist_servo script to /home/ollie/git/1HoloAssist/ollie/install/holoassist_servo_tools/lib/holoassist_servo_tools
[1.067s] writing list of installed files to '/home/ollie/git/1HoloAssist/ollie/build/holoassist_servo_tools/install.log'
[1.095s] Invoked command in '/home/ollie/git/1HoloAssist/ollie/ros2_ws/src/holoassist_servo_tools' returned '0': PYTHONPATH=/home/ollie/git/1HoloAssist/ollie/build/holoassist_servo_tools/prefix_override:/usr/lib/python3/dist-packages/colcon_core/task/python/colcon_distutils_commands:/home/ollie/git/1HoloAssist/ollie/install/holoassist_servo_tools/lib/python3.10/site-packages:${PYTHONPATH} /usr/bin/python3 -W ignore:setup.py install is deprecated -W ignore:easy_install command is deprecated setup.py egg_info --egg-base ../../../build/holoassist_servo_tools build --build-base /home/ollie/git/1HoloAssist/ollie/build/holoassist_servo_tools/build install --record /home/ollie/git/1HoloAssist/ollie/build/holoassist_servo_tools/install.log --single-version-externally-managed install_data
